{"C:\\Users\\guilb\\Desktop\\Avantage QUIZZ\\js\\empty-states.js": {"path":"C:\\Users\\guilb\\Desktop\\Avantage QUIZZ\\js\\empty-states.js","statementMap":{"0":{"start":{"line":17,"column":22},"end":{"line":102,"column":1}},"1":{"start":{"line":107,"column":25},"end":{"line":178,"column":1}},"2":{"start":{"line":187,"column":19},"end":{"line":187,"column":41}},"3":{"start":{"line":188,"column":4},"end":{"line":191,"column":5}},"4":{"start":{"line":189,"column":8},"end":{"line":189,"column":59}},"5":{"start":{"line":190,"column":8},"end":{"line":190,"column":18}},"6":{"start":{"line":193,"column":18},"end":{"line":193,"column":47}},"7":{"start":{"line":194,"column":24},"end":{"line":194,"column":65}},"8":{"start":{"line":195,"column":25},"end":{"line":195,"column":68}},"9":{"start":{"line":196,"column":19},"end":{"line":196,"column":80}},"10":{"start":{"line":198,"column":4},"end":{"line":216,"column":6}},"11":{"start":{"line":226,"column":22},"end":{"line":226,"column":58}},"12":{"start":{"line":227,"column":4},"end":{"line":230,"column":5}},"13":{"start":{"line":228,"column":8},"end":{"line":228,"column":62}},"14":{"start":{"line":229,"column":8},"end":{"line":229,"column":15}},"15":{"start":{"line":232,"column":4},"end":{"line":232,"column":58}},"16":{"start":{"line":235,"column":23},"end":{"line":235,"column":62}},"17":{"start":{"line":236,"column":4},"end":{"line":245,"column":5}},"18":{"start":{"line":237,"column":8},"end":{"line":237,"column":39}},"19":{"start":{"line":238,"column":8},"end":{"line":238,"column":56}},"20":{"start":{"line":240,"column":8},"end":{"line":244,"column":15}},"21":{"start":{"line":241,"column":12},"end":{"line":241,"column":63}},"22":{"start":{"line":242,"column":12},"end":{"line":242,"column":43}},"23":{"start":{"line":243,"column":12},"end":{"line":243,"column":57}},"24":{"start":{"line":255,"column":20},"end":{"line":255,"column":74}},"25":{"start":{"line":257,"column":17},"end":{"line":275,"column":5}},"26":{"start":{"line":278,"column":4},"end":{"line":285,"column":5}},"27":{"start":{"line":279,"column":8},"end":{"line":284,"column":15}},"28":{"start":{"line":280,"column":24},"end":{"line":280,"column":56}},"29":{"start":{"line":281,"column":12},"end":{"line":283,"column":13}},"30":{"start":{"line":282,"column":16},"end":{"line":282,"column":55}},"31":{"start":{"line":287,"column":4},"end":{"line":287,"column":16}},"32":{"start":{"line":297,"column":22},"end":{"line":297,"column":58}},"33":{"start":{"line":298,"column":4},"end":{"line":301,"column":5}},"34":{"start":{"line":299,"column":8},"end":{"line":299,"column":62}},"35":{"start":{"line":300,"column":8},"end":{"line":300,"column":15}},"36":{"start":{"line":303,"column":4},"end":{"line":303,"column":61}},"37":{"start":{"line":312,"column":27},"end":{"line":312,"column":79}},"38":{"start":{"line":314,"column":4},"end":{"line":320,"column":7}},"39":{"start":{"line":315,"column":21},"end":{"line":315,"column":51}},"40":{"start":{"line":316,"column":28},"end":{"line":316,"column":92}},"41":{"start":{"line":317,"column":8},"end":{"line":317,"column":33}},"42":{"start":{"line":319,"column":8},"end":{"line":319,"column":42}},"43":{"start":{"line":327,"column":0},"end":{"line":331,"column":1}},"44":{"start":{"line":328,"column":4},"end":{"line":330,"column":7}},"45":{"start":{"line":329,"column":8},"end":{"line":329,"column":37}},"46":{"start":{"line":334,"column":0},"end":{"line":342,"column":1}},"47":{"start":{"line":335,"column":4},"end":{"line":341,"column":6}}},"fnMap":{"0":{"name":"createEmptyState","decl":{"start":{"line":186,"column":16},"end":{"line":186,"column":32}},"loc":{"start":{"line":186,"column":53},"end":{"line":217,"column":1}},"line":186},"1":{"name":"showEmptyState","decl":{"start":{"line":225,"column":16},"end":{"line":225,"column":30}},"loc":{"start":{"line":225,"column":64},"end":{"line":246,"column":1}},"line":225},"2":{"name":"(anonymous_2)","decl":{"start":{"line":240,"column":19},"end":{"line":240,"column":20}},"loc":{"start":{"line":240,"column":25},"end":{"line":244,"column":9}},"line":240},"3":{"name":"createErrorState","decl":{"start":{"line":254,"column":16},"end":{"line":254,"column":32}},"loc":{"start":{"line":254,"column":58},"end":{"line":288,"column":1}},"line":254},"4":{"name":"(anonymous_4)","decl":{"start":{"line":279,"column":19},"end":{"line":279,"column":20}},"loc":{"start":{"line":279,"column":25},"end":{"line":284,"column":9}},"line":279},"5":{"name":"showErrorState","decl":{"start":{"line":296,"column":16},"end":{"line":296,"column":30}},"loc":{"start":{"line":296,"column":69},"end":{"line":304,"column":1}},"line":296},"6":{"name":"upgradeExistingEmptyStates","decl":{"start":{"line":310,"column":16},"end":{"line":310,"column":42}},"loc":{"start":{"line":310,"column":45},"end":{"line":321,"column":1}},"line":310},"7":{"name":"(anonymous_7)","decl":{"start":{"line":314,"column":27},"end":{"line":314,"column":34}},"loc":{"start":{"line":314,"column":38},"end":{"line":320,"column":5}},"line":314},"8":{"name":"(anonymous_8)","decl":{"start":{"line":328,"column":48},"end":{"line":328,"column":49}},"loc":{"start":{"line":328,"column":54},"end":{"line":330,"column":5}},"line":328}},"branchMap":{"0":{"loc":{"start":{"line":186,"column":39},"end":{"line":186,"column":51}},"type":"default-arg","locations":[{"start":{"line":186,"column":49},"end":{"line":186,"column":51}}],"line":186},"1":{"loc":{"start":{"line":188,"column":4},"end":{"line":191,"column":5}},"type":"if","locations":[{"start":{"line":188,"column":4},"end":{"line":191,"column":5}},{"start":{},"end":{}}],"line":188},"2":{"loc":{"start":{"line":193,"column":18},"end":{"line":193,"column":47}},"type":"binary-expr","locations":[{"start":{"line":193,"column":18},"end":{"line":193,"column":31}},{"start":{"line":193,"column":35},"end":{"line":193,"column":47}}],"line":193},"3":{"loc":{"start":{"line":194,"column":24},"end":{"line":194,"column":65}},"type":"binary-expr","locations":[{"start":{"line":194,"column":24},"end":{"line":194,"column":43}},{"start":{"line":194,"column":47},"end":{"line":194,"column":65}}],"line":194},"4":{"loc":{"start":{"line":195,"column":25},"end":{"line":195,"column":68}},"type":"binary-expr","locations":[{"start":{"line":195,"column":25},"end":{"line":195,"column":45}},{"start":{"line":195,"column":49},"end":{"line":195,"column":68}}],"line":195},"5":{"loc":{"start":{"line":196,"column":19},"end":{"line":196,"column":80}},"type":"cond-expr","locations":[{"start":{"line":196,"column":50},"end":{"line":196,"column":64}},{"start":{"line":196,"column":67},"end":{"line":196,"column":80}}],"line":196},"6":{"loc":{"start":{"line":207,"column":14},"end":{"line":214,"column":18}},"type":"cond-expr","locations":[{"start":{"line":207,"column":28},"end":{"line":214,"column":13}},{"start":{"line":214,"column":16},"end":{"line":214,"column":18}}],"line":207},"7":{"loc":{"start":{"line":210,"column":22},"end":{"line":210,"column":90}},"type":"cond-expr","locations":[{"start":{"line":210,"column":36},"end":{"line":210,"column":85}},{"start":{"line":210,"column":88},"end":{"line":210,"column":90}}],"line":210},"8":{"loc":{"start":{"line":225,"column":50},"end":{"line":225,"column":62}},"type":"default-arg","locations":[{"start":{"line":225,"column":60},"end":{"line":225,"column":62}}],"line":225},"9":{"loc":{"start":{"line":227,"column":4},"end":{"line":230,"column":5}},"type":"if","locations":[{"start":{"line":227,"column":4},"end":{"line":230,"column":5}},{"start":{},"end":{}}],"line":227},"10":{"loc":{"start":{"line":236,"column":4},"end":{"line":245,"column":5}},"type":"if","locations":[{"start":{"line":236,"column":4},"end":{"line":245,"column":5}},{"start":{},"end":{}}],"line":236},"11":{"loc":{"start":{"line":254,"column":42},"end":{"line":254,"column":56}},"type":"default-arg","locations":[{"start":{"line":254,"column":52},"end":{"line":254,"column":56}}],"line":254},"12":{"loc":{"start":{"line":266,"column":14},"end":{"line":273,"column":18}},"type":"cond-expr","locations":[{"start":{"line":266,"column":24},"end":{"line":273,"column":13}},{"start":{"line":273,"column":16},"end":{"line":273,"column":18}}],"line":266},"13":{"loc":{"start":{"line":278,"column":4},"end":{"line":285,"column":5}},"type":"if","locations":[{"start":{"line":278,"column":4},"end":{"line":285,"column":5}},{"start":{},"end":{}}],"line":278},"14":{"loc":{"start":{"line":281,"column":12},"end":{"line":283,"column":13}},"type":"if","locations":[{"start":{"line":281,"column":12},"end":{"line":283,"column":13}},{"start":{},"end":{}}],"line":281},"15":{"loc":{"start":{"line":296,"column":53},"end":{"line":296,"column":67}},"type":"default-arg","locations":[{"start":{"line":296,"column":63},"end":{"line":296,"column":67}}],"line":296},"16":{"loc":{"start":{"line":298,"column":4},"end":{"line":301,"column":5}},"type":"if","locations":[{"start":{"line":298,"column":4},"end":{"line":301,"column":5}},{"start":{},"end":{}}],"line":298},"17":{"loc":{"start":{"line":316,"column":28},"end":{"line":316,"column":92}},"type":"binary-expr","locations":[{"start":{"line":316,"column":28},"end":{"line":316,"column":38}},{"start":{"line":316,"column":42},"end":{"line":316,"column":92}}],"line":316},"18":{"loc":{"start":{"line":327,"column":0},"end":{"line":331,"column":1}},"type":"if","locations":[{"start":{"line":327,"column":0},"end":{"line":331,"column":1}},{"start":{},"end":{}}],"line":327},"19":{"loc":{"start":{"line":334,"column":0},"end":{"line":342,"column":1}},"type":"if","locations":[{"start":{"line":334,"column":0},"end":{"line":342,"column":1}},{"start":{},"end":{}}],"line":334}},"s":{"0":1,"1":1,"2":16,"3":16,"4":1,"5":1,"6":15,"7":16,"8":16,"9":16,"10":16,"11":4,"12":4,"13":1,"14":1,"15":3,"16":3,"17":3,"18":3,"19":3,"20":3,"21":3,"22":3,"23":3,"24":7,"25":7,"26":7,"27":4,"28":3,"29":3,"30":0,"31":7,"32":3,"33":3,"34":1,"35":1,"36":2,"37":0,"38":0,"39":0,"40":0,"41":0,"42":0,"43":1,"44":1,"45":0,"46":1,"47":1},"f":{"0":16,"1":4,"2":3,"3":7,"4":3,"5":3,"6":0,"7":0,"8":0},"b":{"0":[16],"1":[1,15],"2":[15,13],"3":[16,14],"4":[16,15],"5":[3,12],"6":[11,4],"7":[2,9],"8":[4],"9":[1,3],"10":[3,0],"11":[7],"12":[4,3],"13":[4,3],"14":[0,3],"15":[3],"16":[1,2],"17":[0,0],"18":[1,0],"19":[1,0]},"meta":{"lastBranch":20,"lastFunction":9,"lastStatement":48,"seen":{"s:17:22:102:1":0,"s:107:25:178:1":1,"f:186:16:186:32":0,"b:186:49:186:51":0,"s:187:19:187:41":2,"b:188:4:191:5:undefined:undefined:undefined:undefined":1,"s:188:4:191:5":3,"s:189:8:189:59":4,"s:190:8:190:18":5,"s:193:18:193:47":6,"b:193:18:193:31:193:35:193:47":2,"s:194:24:194:65":7,"b:194:24:194:43:194:47:194:65":3,"s:195:25:195:68":8,"b:195:25:195:45:195:49:195:68":4,"s:196:19:196:80":9,"b:196:50:196:64:196:67:196:80":5,"s:198:4:216:6":10,"b:207:28:214:13:214:16:214:18":6,"b:210:36:210:85:210:88:210:90":7,"f:225:16:225:30":1,"b:225:60:225:62":8,"s:226:22:226:58":11,"b:227:4:230:5:undefined:undefined:undefined:undefined":9,"s:227:4:230:5":12,"s:228:8:228:62":13,"s:229:8:229:15":14,"s:232:4:232:58":15,"s:235:23:235:62":16,"b:236:4:245:5:undefined:undefined:undefined:undefined":10,"s:236:4:245:5":17,"s:237:8:237:39":18,"s:238:8:238:56":19,"s:240:8:244:15":20,"f:240:19:240:20":2,"s:241:12:241:63":21,"s:242:12:242:43":22,"s:243:12:243:57":23,"f:254:16:254:32":3,"b:254:52:254:56":11,"s:255:20:255:74":24,"s:257:17:275:5":25,"b:266:24:273:13:273:16:273:18":12,"b:278:4:285:5:undefined:undefined:undefined:undefined":13,"s:278:4:285:5":26,"s:279:8:284:15":27,"f:279:19:279:20":4,"s:280:24:280:56":28,"b:281:12:283:13:undefined:undefined:undefined:undefined":14,"s:281:12:283:13":29,"s:282:16:282:55":30,"s:287:4:287:16":31,"f:296:16:296:30":5,"b:296:63:296:67":15,"s:297:22:297:58":32,"b:298:4:301:5:undefined:undefined:undefined:undefined":16,"s:298:4:301:5":33,"s:299:8:299:62":34,"s:300:8:300:15":35,"s:303:4:303:61":36,"f:310:16:310:42":6,"s:312:27:312:79":37,"s:314:4:320:7":38,"f:314:27:314:34":7,"s:315:21:315:51":39,"s:316:28:316:92":40,"b:316:28:316:38:316:42:316:92":17,"s:317:8:317:33":41,"s:319:8:319:42":42,"b:327:0:331:1:undefined:undefined:undefined:undefined":18,"s:327:0:331:1":43,"s:328:4:330:7":44,"f:328:48:328:49":8,"s:329:8:329:37":45,"b:334:0:342:1:undefined:undefined:undefined:undefined":19,"s:334:0:342:1":46,"s:335:4:341:6":47}}}
,"C:\\Users\\guilb\\Desktop\\Avantage QUIZZ\\js\\skeleton.js": {"path":"C:\\Users\\guilb\\Desktop\\Avantage QUIZZ\\js\\skeleton.js","statementMap":{"0":{"start":{"line":10,"column":22},"end":{"line":10,"column":24}},"1":{"start":{"line":12,"column":4},"end":{"line":24,"column":5}},"2":{"start":{"line":12,"column":17},"end":{"line":12,"column":18}},"3":{"start":{"line":13,"column":8},"end":{"line":23,"column":11}},"4":{"start":{"line":26,"column":4},"end":{"line":26,"column":30}},"5":{"start":{"line":35,"column":22},"end":{"line":35,"column":24}},"6":{"start":{"line":37,"column":4},"end":{"line":50,"column":5}},"7":{"start":{"line":37,"column":17},"end":{"line":37,"column":18}},"8":{"start":{"line":38,"column":8},"end":{"line":49,"column":11}},"9":{"start":{"line":52,"column":4},"end":{"line":52,"column":30}},"10":{"start":{"line":62,"column":23},"end":{"line":62,"column":25}},"11":{"start":{"line":63,"column":4},"end":{"line":69,"column":5}},"12":{"start":{"line":63,"column":17},"end":{"line":63,"column":18}},"13":{"start":{"line":64,"column":8},"end":{"line":68,"column":11}},"14":{"start":{"line":71,"column":21},"end":{"line":71,"column":23}},"15":{"start":{"line":72,"column":4},"end":{"line":82,"column":5}},"16":{"start":{"line":72,"column":17},"end":{"line":72,"column":18}},"17":{"start":{"line":73,"column":24},"end":{"line":73,"column":26}},"18":{"start":{"line":74,"column":8},"end":{"line":80,"column":9}},"19":{"start":{"line":74,"column":21},"end":{"line":74,"column":22}},"20":{"start":{"line":75,"column":12},"end":{"line":79,"column":15}},"21":{"start":{"line":81,"column":8},"end":{"line":81,"column":76}},"22":{"start":{"line":84,"column":4},"end":{"line":95,"column":6}},"23":{"start":{"line":103,"column":4},"end":{"line":115,"column":6}},"24":{"start":{"line":125,"column":21},"end":{"line":127,"column":36}},"25":{"start":{"line":129,"column":18},"end":{"line":129,"column":20}},"26":{"start":{"line":130,"column":4},"end":{"line":139,"column":5}},"27":{"start":{"line":130,"column":17},"end":{"line":130,"column":18}},"28":{"start":{"line":131,"column":8},"end":{"line":138,"column":11}},"29":{"start":{"line":141,"column":4},"end":{"line":145,"column":6}},"30":{"start":{"line":154,"column":23},"end":{"line":154,"column":25}},"31":{"start":{"line":156,"column":4},"end":{"line":163,"column":5}},"32":{"start":{"line":156,"column":17},"end":{"line":156,"column":18}},"33":{"start":{"line":157,"column":8},"end":{"line":162,"column":11}},"34":{"start":{"line":165,"column":4},"end":{"line":172,"column":6}},"35":{"start":{"line":181,"column":22},"end":{"line":181,"column":24}},"36":{"start":{"line":183,"column":4},"end":{"line":208,"column":5}},"37":{"start":{"line":183,"column":17},"end":{"line":183,"column":18}},"38":{"start":{"line":184,"column":8},"end":{"line":207,"column":11}},"39":{"start":{"line":210,"column":4},"end":{"line":210,"column":30}},"40":{"start":{"line":219,"column":18},"end":{"line":219,"column":20}},"41":{"start":{"line":221,"column":4},"end":{"line":239,"column":5}},"42":{"start":{"line":221,"column":17},"end":{"line":221,"column":18}},"43":{"start":{"line":222,"column":8},"end":{"line":238,"column":11}},"44":{"start":{"line":241,"column":4},"end":{"line":241,"column":26}},"45":{"start":{"line":250,"column":20},"end":{"line":250,"column":22}},"46":{"start":{"line":252,"column":4},"end":{"line":276,"column":5}},"47":{"start":{"line":252,"column":17},"end":{"line":252,"column":18}},"48":{"start":{"line":253,"column":8},"end":{"line":275,"column":11}},"49":{"start":{"line":278,"column":4},"end":{"line":278,"column":28}},"50":{"start":{"line":287,"column":22},"end":{"line":287,"column":24}},"51":{"start":{"line":289,"column":4},"end":{"line":309,"column":5}},"52":{"start":{"line":289,"column":17},"end":{"line":289,"column":18}},"53":{"start":{"line":290,"column":8},"end":{"line":308,"column":11}},"54":{"start":{"line":311,"column":4},"end":{"line":311,"column":30}},"55":{"start":{"line":320,"column":18},"end":{"line":320,"column":20}},"56":{"start":{"line":322,"column":4},"end":{"line":333,"column":5}},"57":{"start":{"line":322,"column":17},"end":{"line":322,"column":18}},"58":{"start":{"line":323,"column":8},"end":{"line":332,"column":11}},"59":{"start":{"line":335,"column":4},"end":{"line":335,"column":26}},"60":{"start":{"line":344,"column":22},"end":{"line":344,"column":58}},"61":{"start":{"line":345,"column":4},"end":{"line":347,"column":5}},"62":{"start":{"line":346,"column":8},"end":{"line":346,"column":43}},"63":{"start":{"line":356,"column":22},"end":{"line":356,"column":58}},"64":{"start":{"line":357,"column":4},"end":{"line":366,"column":5}},"65":{"start":{"line":359,"column":8},"end":{"line":359,"column":38}},"66":{"start":{"line":360,"column":8},"end":{"line":360,"column":62}},"67":{"start":{"line":362,"column":8},"end":{"line":365,"column":16}},"68":{"start":{"line":363,"column":12},"end":{"line":363,"column":46}},"69":{"start":{"line":364,"column":12},"end":{"line":364,"column":42}},"70":{"start":{"line":374,"column":4},"end":{"line":393,"column":6}}},"fnMap":{"0":{"name":"createCardSkeleton","decl":{"start":{"line":9,"column":16},"end":{"line":9,"column":34}},"loc":{"start":{"line":9,"column":46},"end":{"line":27,"column":1}},"line":9},"1":{"name":"createListSkeleton","decl":{"start":{"line":34,"column":16},"end":{"line":34,"column":34}},"loc":{"start":{"line":34,"column":46},"end":{"line":53,"column":1}},"line":34},"2":{"name":"createTableSkeleton","decl":{"start":{"line":61,"column":16},"end":{"line":61,"column":35}},"loc":{"start":{"line":61,"column":56},"end":{"line":96,"column":1}},"line":61},"3":{"name":"createChartSkeleton","decl":{"start":{"line":102,"column":16},"end":{"line":102,"column":35}},"loc":{"start":{"line":102,"column":38},"end":{"line":116,"column":1}},"line":102},"4":{"name":"createGridSkeleton","decl":{"start":{"line":124,"column":16},"end":{"line":124,"column":34}},"loc":{"start":{"line":124,"column":59},"end":{"line":146,"column":1}},"line":124},"5":{"name":"createFormSkeleton","decl":{"start":{"line":153,"column":16},"end":{"line":153,"column":34}},"loc":{"start":{"line":153,"column":47},"end":{"line":173,"column":1}},"line":153},"6":{"name":"createQuestionSkeleton","decl":{"start":{"line":180,"column":16},"end":{"line":180,"column":38}},"loc":{"start":{"line":180,"column":50},"end":{"line":211,"column":1}},"line":180},"7":{"name":"createUserSkeleton","decl":{"start":{"line":218,"column":16},"end":{"line":218,"column":34}},"loc":{"start":{"line":218,"column":47},"end":{"line":242,"column":1}},"line":218},"8":{"name":"createResultSkeleton","decl":{"start":{"line":249,"column":16},"end":{"line":249,"column":36}},"loc":{"start":{"line":249,"column":48},"end":{"line":279,"column":1}},"line":249},"9":{"name":"createResourceSkeleton","decl":{"start":{"line":286,"column":16},"end":{"line":286,"column":38}},"loc":{"start":{"line":286,"column":50},"end":{"line":312,"column":1}},"line":286},"10":{"name":"createStatsSkeleton","decl":{"start":{"line":319,"column":16},"end":{"line":319,"column":35}},"loc":{"start":{"line":319,"column":47},"end":{"line":336,"column":1}},"line":319},"11":{"name":"showSkeleton","decl":{"start":{"line":343,"column":16},"end":{"line":343,"column":28}},"loc":{"start":{"line":343,"column":56},"end":{"line":348,"column":1}},"line":343},"12":{"name":"hideSkeleton","decl":{"start":{"line":355,"column":16},"end":{"line":355,"column":28}},"loc":{"start":{"line":355,"column":55},"end":{"line":367,"column":1}},"line":355},"13":{"name":"(anonymous_13)","decl":{"start":{"line":362,"column":19},"end":{"line":362,"column":20}},"loc":{"start":{"line":362,"column":25},"end":{"line":365,"column":9}},"line":362},"14":{"name":"createFullPageSkeleton","decl":{"start":{"line":373,"column":16},"end":{"line":373,"column":38}},"loc":{"start":{"line":373,"column":41},"end":{"line":394,"column":1}},"line":373}},"branchMap":{"0":{"loc":{"start":{"line":9,"column":35},"end":{"line":9,"column":44}},"type":"default-arg","locations":[{"start":{"line":9,"column":43},"end":{"line":9,"column":44}}],"line":9},"1":{"loc":{"start":{"line":34,"column":35},"end":{"line":34,"column":44}},"type":"default-arg","locations":[{"start":{"line":34,"column":43},"end":{"line":34,"column":44}}],"line":34},"2":{"loc":{"start":{"line":61,"column":36},"end":{"line":61,"column":44}},"type":"default-arg","locations":[{"start":{"line":61,"column":43},"end":{"line":61,"column":44}}],"line":61},"3":{"loc":{"start":{"line":61,"column":46},"end":{"line":61,"column":54}},"type":"default-arg","locations":[{"start":{"line":61,"column":53},"end":{"line":61,"column":54}}],"line":61},"4":{"loc":{"start":{"line":124,"column":35},"end":{"line":124,"column":44}},"type":"default-arg","locations":[{"start":{"line":124,"column":43},"end":{"line":124,"column":44}}],"line":124},"5":{"loc":{"start":{"line":124,"column":46},"end":{"line":124,"column":57}},"type":"default-arg","locations":[{"start":{"line":124,"column":56},"end":{"line":124,"column":57}}],"line":124},"6":{"loc":{"start":{"line":125,"column":21},"end":{"line":127,"column":36}},"type":"cond-expr","locations":[{"start":{"line":125,"column":37},"end":{"line":125,"column":53}},{"start":{"line":126,"column":20},"end":{"line":127,"column":36}}],"line":125},"7":{"loc":{"start":{"line":126,"column":20},"end":{"line":127,"column":36}},"type":"cond-expr","locations":[{"start":{"line":126,"column":36},"end":{"line":126,"column":52}},{"start":{"line":127,"column":20},"end":{"line":127,"column":36}}],"line":126},"8":{"loc":{"start":{"line":153,"column":35},"end":{"line":153,"column":45}},"type":"default-arg","locations":[{"start":{"line":153,"column":44},"end":{"line":153,"column":45}}],"line":153},"9":{"loc":{"start":{"line":180,"column":39},"end":{"line":180,"column":48}},"type":"default-arg","locations":[{"start":{"line":180,"column":47},"end":{"line":180,"column":48}}],"line":180},"10":{"loc":{"start":{"line":218,"column":35},"end":{"line":218,"column":45}},"type":"default-arg","locations":[{"start":{"line":218,"column":43},"end":{"line":218,"column":45}}],"line":218},"11":{"loc":{"start":{"line":249,"column":37},"end":{"line":249,"column":46}},"type":"default-arg","locations":[{"start":{"line":249,"column":45},"end":{"line":249,"column":46}}],"line":249},"12":{"loc":{"start":{"line":286,"column":39},"end":{"line":286,"column":48}},"type":"default-arg","locations":[{"start":{"line":286,"column":47},"end":{"line":286,"column":48}}],"line":286},"13":{"loc":{"start":{"line":319,"column":36},"end":{"line":319,"column":45}},"type":"default-arg","locations":[{"start":{"line":319,"column":44},"end":{"line":319,"column":45}}],"line":319},"14":{"loc":{"start":{"line":345,"column":4},"end":{"line":347,"column":5}},"type":"if","locations":[{"start":{"line":345,"column":4},"end":{"line":347,"column":5}},{"start":{},"end":{}}],"line":345},"15":{"loc":{"start":{"line":357,"column":4},"end":{"line":366,"column":5}},"type":"if","locations":[{"start":{"line":357,"column":4},"end":{"line":366,"column":5}},{"start":{},"end":{}}],"line":357}},"s":{"0":3,"1":3,"2":3,"3":7,"4":3,"5":3,"6":3,"7":3,"8":11,"9":3,"10":4,"11":4,"12":4,"13":15,"14":4,"15":4,"16":4,"17":16,"18":16,"19":16,"20":59,"21":16,"22":4,"23":4,"24":2,"25":2,"26":2,"27":2,"28":12,"29":2,"30":2,"31":2,"32":2,"33":8,"34":2,"35":2,"36":2,"37":2,"38":4,"39":2,"40":1,"41":1,"42":1,"43":10,"44":1,"45":1,"46":1,"47":1,"48":5,"49":1,"50":1,"51":1,"52":1,"53":6,"54":1,"55":2,"56":2,"57":2,"58":8,"59":2,"60":2,"61":2,"62":1,"63":2,"64":2,"65":1,"66":1,"67":1,"68":0,"69":0,"70":1},"f":{"0":3,"1":3,"2":4,"3":4,"4":2,"5":2,"6":2,"7":1,"8":1,"9":1,"10":2,"11":2,"12":2,"13":0,"14":1},"b":{"0":[3],"1":[3],"2":[4],"3":[4],"4":[2],"5":[2],"6":[0,2],"7":[2,0],"8":[2],"9":[2],"10":[1],"11":[1],"12":[1],"13":[2],"14":[1,1],"15":[1,1]},"meta":{"lastBranch":16,"lastFunction":15,"lastStatement":71,"seen":{"f:9:16:9:34":0,"b:9:43:9:44":0,"s:10:22:10:24":0,"s:12:4:24:5":1,"s:12:17:12:18":2,"s:13:8:23:11":3,"s:26:4:26:30":4,"f:34:16:34:34":1,"b:34:43:34:44":1,"s:35:22:35:24":5,"s:37:4:50:5":6,"s:37:17:37:18":7,"s:38:8:49:11":8,"s:52:4:52:30":9,"f:61:16:61:35":2,"b:61:43:61:44":2,"b:61:53:61:54":3,"s:62:23:62:25":10,"s:63:4:69:5":11,"s:63:17:63:18":12,"s:64:8:68:11":13,"s:71:21:71:23":14,"s:72:4:82:5":15,"s:72:17:72:18":16,"s:73:24:73:26":17,"s:74:8:80:9":18,"s:74:21:74:22":19,"s:75:12:79:15":20,"s:81:8:81:76":21,"s:84:4:95:6":22,"f:102:16:102:35":3,"s:103:4:115:6":23,"f:124:16:124:34":4,"b:124:43:124:44":4,"b:124:56:124:57":5,"s:125:21:127:36":24,"b:125:37:125:53:126:20:127:36":6,"b:126:36:126:52:127:20:127:36":7,"s:129:18:129:20":25,"s:130:4:139:5":26,"s:130:17:130:18":27,"s:131:8:138:11":28,"s:141:4:145:6":29,"f:153:16:153:34":5,"b:153:44:153:45":8,"s:154:23:154:25":30,"s:156:4:163:5":31,"s:156:17:156:18":32,"s:157:8:162:11":33,"s:165:4:172:6":34,"f:180:16:180:38":6,"b:180:47:180:48":9,"s:181:22:181:24":35,"s:183:4:208:5":36,"s:183:17:183:18":37,"s:184:8:207:11":38,"s:210:4:210:30":39,"f:218:16:218:34":7,"b:218:43:218:45":10,"s:219:18:219:20":40,"s:221:4:239:5":41,"s:221:17:221:18":42,"s:222:8:238:11":43,"s:241:4:241:26":44,"f:249:16:249:36":8,"b:249:45:249:46":11,"s:250:20:250:22":45,"s:252:4:276:5":46,"s:252:17:252:18":47,"s:253:8:275:11":48,"s:278:4:278:28":49,"f:286:16:286:38":9,"b:286:47:286:48":12,"s:287:22:287:24":50,"s:289:4:309:5":51,"s:289:17:289:18":52,"s:290:8:308:11":53,"s:311:4:311:30":54,"f:319:16:319:35":10,"b:319:44:319:45":13,"s:320:18:320:20":55,"s:322:4:333:5":56,"s:322:17:322:18":57,"s:323:8:332:11":58,"s:335:4:335:26":59,"f:343:16:343:28":11,"s:344:22:344:58":60,"b:345:4:347:5:undefined:undefined:undefined:undefined":14,"s:345:4:347:5":61,"s:346:8:346:43":62,"f:355:16:355:28":12,"s:356:22:356:58":63,"b:357:4:366:5:undefined:undefined:undefined:undefined":15,"s:357:4:366:5":64,"s:359:8:359:38":65,"s:360:8:360:62":66,"s:362:8:365:16":67,"f:362:19:362:20":13,"s:363:12:363:46":68,"s:364:12:364:42":69,"f:373:16:373:38":14,"s:374:4:393:6":70}}}
,"C:\\Users\\guilb\\Desktop\\Avantage QUIZZ\\js\\toast.js": {"path":"C:\\Users\\guilb\\Desktop\\Avantage QUIZZ\\js\\toast.js","statementMap":{"0":{"start":{"line":11,"column":22},"end":{"line":11,"column":49}},"1":{"start":{"line":13,"column":18},"end":{"line":13,"column":51}},"2":{"start":{"line":14,"column":4},"end":{"line":14,"column":33}},"3":{"start":{"line":17,"column":4},"end":{"line":17,"column":54}},"4":{"start":{"line":17,"column":21},"end":{"line":17,"column":48}},"5":{"start":{"line":20,"column":4},"end":{"line":24,"column":5}},"6":{"start":{"line":21,"column":8},"end":{"line":23,"column":21}},"7":{"start":{"line":22,"column":12},"end":{"line":22,"column":30}},"8":{"start":{"line":26,"column":4},"end":{"line":26,"column":17}},"9":{"start":{"line":33,"column":20},"end":{"line":33,"column":62}},"10":{"start":{"line":35,"column":4},"end":{"line":40,"column":5}},"11":{"start":{"line":36,"column":8},"end":{"line":36,"column":50}},"12":{"start":{"line":37,"column":8},"end":{"line":37,"column":41}},"13":{"start":{"line":38,"column":8},"end":{"line":38,"column":77}},"14":{"start":{"line":39,"column":8},"end":{"line":39,"column":45}},"15":{"start":{"line":42,"column":4},"end":{"line":42,"column":21}},"16":{"start":{"line":49,"column":18},"end":{"line":49,"column":47}},"17":{"start":{"line":50,"column":4},"end":{"line":50,"column":99}},"18":{"start":{"line":52,"column":19},"end":{"line":52,"column":39}},"19":{"start":{"line":54,"column":4},"end":{"line":68,"column":6}},"20":{"start":{"line":71,"column":21},"end":{"line":71,"column":56}},"21":{"start":{"line":72,"column":4},"end":{"line":72,"column":64}},"22":{"start":{"line":72,"column":45},"end":{"line":72,"column":62}},"23":{"start":{"line":74,"column":4},"end":{"line":74,"column":17}},"24":{"start":{"line":81,"column":20},"end":{"line":114,"column":5}},"25":{"start":{"line":116,"column":4},"end":{"line":116,"column":41}},"26":{"start":{"line":123,"column":4},"end":{"line":123,"column":35}},"27":{"start":{"line":124,"column":4},"end":{"line":124,"column":44}},"28":{"start":{"line":126,"column":4},"end":{"line":134,"column":12}},"29":{"start":{"line":127,"column":8},"end":{"line":127,"column":23}},"30":{"start":{"line":130,"column":26},"end":{"line":130,"column":68}},"31":{"start":{"line":131,"column":8},"end":{"line":133,"column":9}},"32":{"start":{"line":132,"column":12},"end":{"line":132,"column":31}},"33":{"start":{"line":140,"column":21},"end":{"line":145,"column":1}},"34":{"start":{"line":141,"column":36},"end":{"line":141,"column":75}},"35":{"start":{"line":142,"column":34},"end":{"line":142,"column":71}},"36":{"start":{"line":143,"column":36},"end":{"line":143,"column":75}},"37":{"start":{"line":144,"column":33},"end":{"line":144,"column":69}},"38":{"start":{"line":151,"column":22},"end":{"line":151,"column":49}},"39":{"start":{"line":153,"column":18},"end":{"line":153,"column":47}},"40":{"start":{"line":154,"column":4},"end":{"line":154,"column":99}},"41":{"start":{"line":156,"column":19},"end":{"line":156,"column":39}},"42":{"start":{"line":158,"column":4},"end":{"line":175,"column":6}},"43":{"start":{"line":177,"column":4},"end":{"line":177,"column":33}},"44":{"start":{"line":180,"column":4},"end":{"line":180,"column":54}},"45":{"start":{"line":180,"column":21},"end":{"line":180,"column":48}},"46":{"start":{"line":183,"column":4},"end":{"line":183,"column":91}},"47":{"start":{"line":183,"column":72},"end":{"line":183,"column":89}},"48":{"start":{"line":184,"column":4},"end":{"line":187,"column":7}},"49":{"start":{"line":185,"column":8},"end":{"line":185,"column":25}},"50":{"start":{"line":186,"column":8},"end":{"line":186,"column":26}},"51":{"start":{"line":189,"column":4},"end":{"line":189,"column":17}},"52":{"start":{"line":196,"column":22},"end":{"line":196,"column":49}},"53":{"start":{"line":198,"column":18},"end":{"line":198,"column":47}},"54":{"start":{"line":199,"column":4},"end":{"line":199,"column":99}},"55":{"start":{"line":200,"column":4},"end":{"line":200,"column":47}},"56":{"start":{"line":202,"column":4},"end":{"line":211,"column":6}},"57":{"start":{"line":213,"column":4},"end":{"line":213,"column":33}},"58":{"start":{"line":216,"column":4},"end":{"line":216,"column":54}},"59":{"start":{"line":216,"column":21},"end":{"line":216,"column":48}},"60":{"start":{"line":218,"column":4},"end":{"line":218,"column":17}},"61":{"start":{"line":225,"column":4},"end":{"line":225,"column":62}},"62":{"start":{"line":225,"column":55},"end":{"line":225,"column":62}},"63":{"start":{"line":227,"column":19},"end":{"line":227,"column":39}},"64":{"start":{"line":229,"column":4},"end":{"line":243,"column":6}},"65":{"start":{"line":245,"column":4},"end":{"line":245,"column":42}},"66":{"start":{"line":246,"column":4},"end":{"line":246,"column":91}},"67":{"start":{"line":246,"column":72},"end":{"line":246,"column":89}},"68":{"start":{"line":249,"column":4},"end":{"line":249,"column":46}},"69":{"start":{"line":249,"column":21},"end":{"line":249,"column":38}},"70":{"start":{"line":256,"column":4},"end":{"line":256,"column":51}},"71":{"start":{"line":260,"column":4},"end":{"line":260,"column":49}},"72":{"start":{"line":264,"column":4},"end":{"line":264,"column":51}},"73":{"start":{"line":268,"column":4},"end":{"line":268,"column":48}},"74":{"start":{"line":272,"column":27},"end":{"line":291,"column":1}},"75":{"start":{"line":294,"column":0},"end":{"line":315,"column":1}},"76":{"start":{"line":295,"column":25},"end":{"line":295,"column":56}},"77":{"start":{"line":296,"column":4},"end":{"line":313,"column":6}},"78":{"start":{"line":314,"column":4},"end":{"line":314,"column":44}}},"fnMap":{"0":{"name":"showToast","decl":{"start":{"line":10,"column":16},"end":{"line":10,"column":25}},"loc":{"start":{"line":10,"column":67},"end":{"line":27,"column":1}},"line":10},"1":{"name":"(anonymous_1)","decl":{"start":{"line":17,"column":15},"end":{"line":17,"column":16}},"loc":{"start":{"line":17,"column":21},"end":{"line":17,"column":48}},"line":17},"2":{"name":"(anonymous_2)","decl":{"start":{"line":21,"column":19},"end":{"line":21,"column":20}},"loc":{"start":{"line":21,"column":25},"end":{"line":23,"column":9}},"line":21},"3":{"name":"getOrCreateToastContainer","decl":{"start":{"line":32,"column":9},"end":{"line":32,"column":34}},"loc":{"start":{"line":32,"column":37},"end":{"line":43,"column":1}},"line":32},"4":{"name":"createToastElement","decl":{"start":{"line":48,"column":9},"end":{"line":48,"column":27}},"loc":{"start":{"line":48,"column":43},"end":{"line":75,"column":1}},"line":48},"5":{"name":"(anonymous_5)","decl":{"start":{"line":72,"column":39},"end":{"line":72,"column":40}},"loc":{"start":{"line":72,"column":45},"end":{"line":72,"column":62}},"line":72},"6":{"name":"getToastConfig","decl":{"start":{"line":80,"column":9},"end":{"line":80,"column":23}},"loc":{"start":{"line":80,"column":30},"end":{"line":117,"column":1}},"line":80},"7":{"name":"closeToast","decl":{"start":{"line":122,"column":9},"end":{"line":122,"column":19}},"loc":{"start":{"line":122,"column":27},"end":{"line":135,"column":1}},"line":122},"8":{"name":"(anonymous_8)","decl":{"start":{"line":126,"column":15},"end":{"line":126,"column":16}},"loc":{"start":{"line":126,"column":21},"end":{"line":134,"column":5}},"line":126},"9":{"name":"(anonymous_9)","decl":{"start":{"line":141,"column":13},"end":{"line":141,"column":14}},"loc":{"start":{"line":141,"column":36},"end":{"line":141,"column":75}},"line":141},"10":{"name":"(anonymous_10)","decl":{"start":{"line":142,"column":11},"end":{"line":142,"column":12}},"loc":{"start":{"line":142,"column":34},"end":{"line":142,"column":71}},"line":142},"11":{"name":"(anonymous_11)","decl":{"start":{"line":143,"column":13},"end":{"line":143,"column":14}},"loc":{"start":{"line":143,"column":36},"end":{"line":143,"column":75}},"line":143},"12":{"name":"(anonymous_12)","decl":{"start":{"line":144,"column":10},"end":{"line":144,"column":11}},"loc":{"start":{"line":144,"column":33},"end":{"line":144,"column":69}},"line":144},"13":{"name":"showToastWithAction","decl":{"start":{"line":150,"column":16},"end":{"line":150,"column":35}},"loc":{"start":{"line":150,"column":79},"end":{"line":190,"column":1}},"line":150},"14":{"name":"(anonymous_14)","decl":{"start":{"line":180,"column":15},"end":{"line":180,"column":16}},"loc":{"start":{"line":180,"column":21},"end":{"line":180,"column":48}},"line":180},"15":{"name":"(anonymous_15)","decl":{"start":{"line":183,"column":66},"end":{"line":183,"column":67}},"loc":{"start":{"line":183,"column":72},"end":{"line":183,"column":89}},"line":183},"16":{"name":"(anonymous_16)","decl":{"start":{"line":184,"column":67},"end":{"line":184,"column":68}},"loc":{"start":{"line":184,"column":73},"end":{"line":187,"column":5}},"line":184},"17":{"name":"showLoadingToast","decl":{"start":{"line":195,"column":16},"end":{"line":195,"column":32}},"loc":{"start":{"line":195,"column":42},"end":{"line":219,"column":1}},"line":195},"18":{"name":"(anonymous_18)","decl":{"start":{"line":216,"column":15},"end":{"line":216,"column":16}},"loc":{"start":{"line":216,"column":21},"end":{"line":216,"column":48}},"line":216},"19":{"name":"updateLoadingToast","decl":{"start":{"line":224,"column":16},"end":{"line":224,"column":34}},"loc":{"start":{"line":224,"column":69},"end":{"line":250,"column":1}},"line":224},"20":{"name":"(anonymous_20)","decl":{"start":{"line":246,"column":66},"end":{"line":246,"column":67}},"loc":{"start":{"line":246,"column":72},"end":{"line":246,"column":89}},"line":246},"21":{"name":"(anonymous_21)","decl":{"start":{"line":249,"column":15},"end":{"line":249,"column":16}},"loc":{"start":{"line":249,"column":21},"end":{"line":249,"column":38}},"line":249},"22":{"name":"showSuccessToast","decl":{"start":{"line":255,"column":16},"end":{"line":255,"column":32}},"loc":{"start":{"line":255,"column":59},"end":{"line":257,"column":1}},"line":255},"23":{"name":"showErrorToast","decl":{"start":{"line":259,"column":16},"end":{"line":259,"column":30}},"loc":{"start":{"line":259,"column":57},"end":{"line":261,"column":1}},"line":259},"24":{"name":"showWarningToast","decl":{"start":{"line":263,"column":16},"end":{"line":263,"column":32}},"loc":{"start":{"line":263,"column":59},"end":{"line":265,"column":1}},"line":263},"25":{"name":"showInfoToast","decl":{"start":{"line":267,"column":16},"end":{"line":267,"column":29}},"loc":{"start":{"line":267,"column":56},"end":{"line":269,"column":1}},"line":267}},"branchMap":{"0":{"loc":{"start":{"line":10,"column":35},"end":{"line":10,"column":48}},"type":"default-arg","locations":[{"start":{"line":10,"column":42},"end":{"line":10,"column":48}}],"line":10},"1":{"loc":{"start":{"line":10,"column":50},"end":{"line":10,"column":65}},"type":"default-arg","locations":[{"start":{"line":10,"column":61},"end":{"line":10,"column":65}}],"line":10},"2":{"loc":{"start":{"line":20,"column":4},"end":{"line":24,"column":5}},"type":"if","locations":[{"start":{"line":20,"column":4},"end":{"line":24,"column":5}},{"start":{},"end":{}}],"line":20},"3":{"loc":{"start":{"line":35,"column":4},"end":{"line":40,"column":5}},"type":"if","locations":[{"start":{"line":35,"column":4},"end":{"line":40,"column":5}},{"start":{},"end":{}}],"line":35},"4":{"loc":{"start":{"line":116,"column":11},"end":{"line":116,"column":40}},"type":"binary-expr","locations":[{"start":{"line":116,"column":11},"end":{"line":116,"column":24}},{"start":{"line":116,"column":28},"end":{"line":116,"column":40}}],"line":116},"5":{"loc":{"start":{"line":131,"column":8},"end":{"line":133,"column":9}},"type":"if","locations":[{"start":{"line":131,"column":8},"end":{"line":133,"column":9}},{"start":{},"end":{}}],"line":131},"6":{"loc":{"start":{"line":131,"column":12},"end":{"line":131,"column":56}},"type":"binary-expr","locations":[{"start":{"line":131,"column":12},"end":{"line":131,"column":21}},{"start":{"line":131,"column":25},"end":{"line":131,"column":56}}],"line":131},"7":{"loc":{"start":{"line":224,"column":51},"end":{"line":224,"column":67}},"type":"default-arg","locations":[{"start":{"line":224,"column":58},"end":{"line":224,"column":67}}],"line":224},"8":{"loc":{"start":{"line":225,"column":4},"end":{"line":225,"column":62}},"type":"if","locations":[{"start":{"line":225,"column":4},"end":{"line":225,"column":62}},{"start":{},"end":{}}],"line":225},"9":{"loc":{"start":{"line":225,"column":8},"end":{"line":225,"column":53}},"type":"binary-expr","locations":[{"start":{"line":225,"column":8},"end":{"line":225,"column":14}},{"start":{"line":225,"column":18},"end":{"line":225,"column":53}}],"line":225},"10":{"loc":{"start":{"line":255,"column":42},"end":{"line":255,"column":57}},"type":"default-arg","locations":[{"start":{"line":255,"column":53},"end":{"line":255,"column":57}}],"line":255},"11":{"loc":{"start":{"line":259,"column":40},"end":{"line":259,"column":55}},"type":"default-arg","locations":[{"start":{"line":259,"column":51},"end":{"line":259,"column":55}}],"line":259},"12":{"loc":{"start":{"line":263,"column":42},"end":{"line":263,"column":57}},"type":"default-arg","locations":[{"start":{"line":263,"column":53},"end":{"line":263,"column":57}}],"line":263},"13":{"loc":{"start":{"line":267,"column":39},"end":{"line":267,"column":54}},"type":"default-arg","locations":[{"start":{"line":267,"column":50},"end":{"line":267,"column":54}}],"line":267},"14":{"loc":{"start":{"line":294,"column":0},"end":{"line":315,"column":1}},"type":"if","locations":[{"start":{"line":294,"column":0},"end":{"line":315,"column":1}},{"start":{},"end":{}}],"line":294}},"s":{"0":40,"1":40,"2":40,"3":40,"4":38,"5":40,"6":4,"7":4,"8":40,"9":51,"10":51,"11":45,"12":45,"13":45,"14":45,"15":51,"16":40,"17":40,"18":40,"19":40,"20":40,"21":40,"22":1,"23":40,"24":47,"25":47,"26":11,"27":11,"28":11,"29":11,"30":11,"31":11,"32":5,"33":1,"34":1,"35":1,"36":1,"37":1,"38":3,"39":3,"40":3,"41":3,"42":3,"43":3,"44":3,"45":3,"46":3,"47":0,"48":3,"49":2,"50":2,"51":3,"52":8,"53":8,"54":8,"55":8,"56":8,"57":8,"58":8,"59":8,"60":8,"61":6,"62":2,"63":4,"64":4,"65":4,"66":4,"67":0,"68":4,"69":4,"70":1,"71":1,"72":1,"73":1,"74":1,"75":1,"76":1,"77":1,"78":1},"f":{"0":40,"1":38,"2":4,"3":51,"4":40,"5":1,"6":47,"7":11,"8":11,"9":1,"10":1,"11":1,"12":1,"13":3,"14":3,"15":0,"16":2,"17":8,"18":8,"19":6,"20":0,"21":4,"22":1,"23":1,"24":1,"25":1},"b":{"0":[40],"1":[40],"2":[4,36],"3":[45,6],"4":[47,0],"5":[5,6],"6":[11,11],"7":[6],"8":[2,4],"9":[6,5],"10":[1],"11":[1],"12":[1],"13":[1],"14":[1,0]},"meta":{"lastBranch":15,"lastFunction":26,"lastStatement":79,"seen":{"f:10:16:10:25":0,"b:10:42:10:48":0,"b:10:61:10:65":1,"s:11:22:11:49":0,"s:13:18:13:51":1,"s:14:4:14:33":2,"s:17:4:17:54":3,"f:17:15:17:16":1,"s:17:21:17:48":4,"b:20:4:24:5:undefined:undefined:undefined:undefined":2,"s:20:4:24:5":5,"s:21:8:23:21":6,"f:21:19:21:20":2,"s:22:12:22:30":7,"s:26:4:26:17":8,"f:32:9:32:34":3,"s:33:20:33:62":9,"b:35:4:40:5:undefined:undefined:undefined:undefined":3,"s:35:4:40:5":10,"s:36:8:36:50":11,"s:37:8:37:41":12,"s:38:8:38:77":13,"s:39:8:39:45":14,"s:42:4:42:21":15,"f:48:9:48:27":4,"s:49:18:49:47":16,"s:50:4:50:99":17,"s:52:19:52:39":18,"s:54:4:68:6":19,"s:71:21:71:56":20,"s:72:4:72:64":21,"f:72:39:72:40":5,"s:72:45:72:62":22,"s:74:4:74:17":23,"f:80:9:80:23":6,"s:81:20:114:5":24,"s:116:4:116:41":25,"b:116:11:116:24:116:28:116:40":4,"f:122:9:122:19":7,"s:123:4:123:35":26,"s:124:4:124:44":27,"s:126:4:134:12":28,"f:126:15:126:16":8,"s:127:8:127:23":29,"s:130:26:130:68":30,"b:131:8:133:9:undefined:undefined:undefined:undefined":5,"s:131:8:133:9":31,"b:131:12:131:21:131:25:131:56":6,"s:132:12:132:31":32,"s:140:21:145:1":33,"f:141:13:141:14":9,"s:141:36:141:75":34,"f:142:11:142:12":10,"s:142:34:142:71":35,"f:143:13:143:14":11,"s:143:36:143:75":36,"f:144:10:144:11":12,"s:144:33:144:69":37,"f:150:16:150:35":13,"s:151:22:151:49":38,"s:153:18:153:47":39,"s:154:4:154:99":40,"s:156:19:156:39":41,"s:158:4:175:6":42,"s:177:4:177:33":43,"s:180:4:180:54":44,"f:180:15:180:16":14,"s:180:21:180:48":45,"s:183:4:183:91":46,"f:183:66:183:67":15,"s:183:72:183:89":47,"s:184:4:187:7":48,"f:184:67:184:68":16,"s:185:8:185:25":49,"s:186:8:186:26":50,"s:189:4:189:17":51,"f:195:16:195:32":17,"s:196:22:196:49":52,"s:198:18:198:47":53,"s:199:4:199:99":54,"s:200:4:200:47":55,"s:202:4:211:6":56,"s:213:4:213:33":57,"s:216:4:216:54":58,"f:216:15:216:16":18,"s:216:21:216:48":59,"s:218:4:218:17":60,"f:224:16:224:34":19,"b:224:58:224:67":7,"b:225:4:225:62:undefined:undefined:undefined:undefined":8,"s:225:4:225:62":61,"b:225:8:225:14:225:18:225:53":9,"s:225:55:225:62":62,"s:227:19:227:39":63,"s:229:4:243:6":64,"s:245:4:245:42":65,"s:246:4:246:91":66,"f:246:66:246:67":20,"s:246:72:246:89":67,"s:249:4:249:46":68,"f:249:15:249:16":21,"s:249:21:249:38":69,"f:255:16:255:32":22,"b:255:53:255:57":10,"s:256:4:256:51":70,"f:259:16:259:30":23,"b:259:51:259:55":11,"s:260:4:260:49":71,"f:263:16:263:32":24,"b:263:53:263:57":12,"s:264:4:264:51":72,"f:267:16:267:29":25,"b:267:50:267:54":13,"s:268:4:268:48":73,"s:272:27:291:1":74,"b:294:0:315:1:undefined:undefined:undefined:undefined":14,"s:294:0:315:1":75,"s:295:25:295:56":76,"s:296:4:313:6":77,"s:314:4:314:44":78}}}
,"C:\\Users\\guilb\\Desktop\\Avantage QUIZZ\\js\\tooltip.js": {"path":"C:\\Users\\guilb\\Desktop\\Avantage QUIZZ\\js\\tooltip.js","statementMap":{"0":{"start":{"line":17,"column":8},"end":{"line":17,"column":34}},"1":{"start":{"line":18,"column":8},"end":{"line":18,"column":30}},"2":{"start":{"line":19,"column":8},"end":{"line":19,"column":29}},"3":{"start":{"line":20,"column":8},"end":{"line":20,"column":31}},"4":{"start":{"line":21,"column":8},"end":{"line":21,"column":30}},"5":{"start":{"line":22,"column":8},"end":{"line":22,"column":56}},"6":{"start":{"line":24,"column":8},"end":{"line":24,"column":20}},"7":{"start":{"line":31,"column":8},"end":{"line":31,"column":64}},"8":{"start":{"line":34,"column":8},"end":{"line":34,"column":38}},"9":{"start":{"line":37,"column":8},"end":{"line":37,"column":34}},"10":{"start":{"line":40,"column":8},"end":{"line":40,"column":26}},"11":{"start":{"line":42,"column":8},"end":{"line":42,"column":56}},"12":{"start":{"line":49,"column":24},"end":{"line":49,"column":68}},"13":{"start":{"line":50,"column":8},"end":{"line":55,"column":9}},"14":{"start":{"line":51,"column":12},"end":{"line":51,"column":54}},"15":{"start":{"line":52,"column":12},"end":{"line":52,"column":47}},"16":{"start":{"line":53,"column":12},"end":{"line":53,"column":71}},"17":{"start":{"line":54,"column":12},"end":{"line":54,"column":49}},"18":{"start":{"line":56,"column":8},"end":{"line":56,"column":35}},"19":{"start":{"line":63,"column":25},"end":{"line":63,"column":68}},"20":{"start":{"line":64,"column":8},"end":{"line":64,"column":55}},"21":{"start":{"line":64,"column":31},"end":{"line":64,"column":53}},"22":{"start":{"line":65,"column":8},"end":{"line":65,"column":66}},"23":{"start":{"line":72,"column":25},"end":{"line":88,"column":10}},"24":{"start":{"line":73,"column":12},"end":{"line":87,"column":15}},"25":{"start":{"line":74,"column":16},"end":{"line":86,"column":19}},"26":{"start":{"line":75,"column":20},"end":{"line":85,"column":21}},"27":{"start":{"line":76,"column":24},"end":{"line":78,"column":25}},"28":{"start":{"line":77,"column":28},"end":{"line":77,"column":53}},"29":{"start":{"line":80,"column":24},"end":{"line":84,"column":25}},"30":{"start":{"line":81,"column":28},"end":{"line":83,"column":31}},"31":{"start":{"line":82,"column":32},"end":{"line":82,"column":55}},"32":{"start":{"line":90,"column":8},"end":{"line":93,"column":11}},"33":{"start":{"line":101,"column":8},"end":{"line":101,"column":52}},"34":{"start":{"line":101,"column":45},"end":{"line":101,"column":52}},"35":{"start":{"line":102,"column":8},"end":{"line":102,"column":49}},"36":{"start":{"line":105,"column":8},"end":{"line":105,"column":39}},"37":{"start":{"line":105,"column":32},"end":{"line":105,"column":39}},"38":{"start":{"line":108,"column":8},"end":{"line":108,"column":89}},"39":{"start":{"line":108,"column":54},"end":{"line":108,"column":87}},"40":{"start":{"line":109,"column":8},"end":{"line":109,"column":80}},"41":{"start":{"line":109,"column":54},"end":{"line":109,"column":78}},"42":{"start":{"line":110,"column":8},"end":{"line":110,"column":79}},"43":{"start":{"line":110,"column":49},"end":{"line":110,"column":77}},"44":{"start":{"line":111,"column":8},"end":{"line":111,"column":68}},"45":{"start":{"line":111,"column":48},"end":{"line":111,"column":66}},"46":{"start":{"line":114,"column":8},"end":{"line":114,"column":81}},"47":{"start":{"line":121,"column":8},"end":{"line":121,"column":59}},"48":{"start":{"line":128,"column":8},"end":{"line":128,"column":37}},"49":{"start":{"line":130,"column":8},"end":{"line":132,"column":28}},"50":{"start":{"line":131,"column":12},"end":{"line":131,"column":38}},"51":{"start":{"line":139,"column":8},"end":{"line":139,"column":38}},"52":{"start":{"line":141,"column":8},"end":{"line":143,"column":27}},"53":{"start":{"line":142,"column":12},"end":{"line":142,"column":31}},"54":{"start":{"line":150,"column":8},"end":{"line":150,"column":34}},"55":{"start":{"line":157,"column":8},"end":{"line":157,"column":27}},"56":{"start":{"line":164,"column":21},"end":{"line":164,"column":44}},"57":{"start":{"line":165,"column":25},"end":{"line":165,"column":65}},"58":{"start":{"line":166,"column":22},"end":{"line":166,"column":60}},"59":{"start":{"line":167,"column":21},"end":{"line":167,"column":60}},"60":{"start":{"line":169,"column":8},"end":{"line":169,"column":26}},"61":{"start":{"line":169,"column":19},"end":{"line":169,"column":26}},"62":{"start":{"line":172,"column":8},"end":{"line":172,"column":27}},"63":{"start":{"line":175,"column":24},"end":{"line":175,"column":68}},"64":{"start":{"line":176,"column":8},"end":{"line":176,"column":44}},"65":{"start":{"line":177,"column":8},"end":{"line":177,"column":37}},"66":{"start":{"line":180,"column":8},"end":{"line":180,"column":57}},"67":{"start":{"line":183,"column":8},"end":{"line":186,"column":15}},"68":{"start":{"line":184,"column":12},"end":{"line":184,"column":62}},"69":{"start":{"line":185,"column":12},"end":{"line":185,"column":62}},"70":{"start":{"line":193,"column":24},"end":{"line":193,"column":53}},"71":{"start":{"line":194,"column":8},"end":{"line":194,"column":173}},"72":{"start":{"line":197,"column":8},"end":{"line":202,"column":10}},"73":{"start":{"line":204,"column":8},"end":{"line":204,"column":23}},"74":{"start":{"line":211,"column":23},"end":{"line":218,"column":9}},"75":{"start":{"line":219,"column":8},"end":{"line":219,"column":44}},"76":{"start":{"line":226,"column":22},"end":{"line":230,"column":9}},"77":{"start":{"line":231,"column":8},"end":{"line":231,"column":43}},"78":{"start":{"line":238,"column":23},"end":{"line":245,"column":9}},"79":{"start":{"line":246,"column":8},"end":{"line":246,"column":44}},"80":{"start":{"line":253,"column":21},"end":{"line":253,"column":52}},"81":{"start":{"line":254,"column":28},"end":{"line":254,"column":59}},"82":{"start":{"line":255,"column":22},"end":{"line":255,"column":61}},"83":{"start":{"line":257,"column":24},"end":{"line":257,"column":25}},"84":{"start":{"line":258,"column":26},"end":{"line":258,"column":27}},"85":{"start":{"line":261,"column":26},"end":{"line":290,"column":9}},"86":{"start":{"line":293,"column":23},"end":{"line":293,"column":40}},"87":{"start":{"line":296,"column":29},"end":{"line":296,"column":57}},"88":{"start":{"line":297,"column":8},"end":{"line":321,"column":9}},"89":{"start":{"line":299,"column":16},"end":{"line":302,"column":73}},"90":{"start":{"line":305,"column":12},"end":{"line":320,"column":13}},"91":{"start":{"line":306,"column":37},"end":{"line":306,"column":71}},"92":{"start":{"line":307,"column":16},"end":{"line":319,"column":17}},"93":{"start":{"line":308,"column":35},"end":{"line":308,"column":49}},"94":{"start":{"line":310,"column":24},"end":{"line":313,"column":75}},"95":{"start":{"line":315,"column":20},"end":{"line":318,"column":21}},"96":{"start":{"line":316,"column":24},"end":{"line":316,"column":39}},"97":{"start":{"line":317,"column":24},"end":{"line":317,"column":30}},"98":{"start":{"line":324,"column":30},"end":{"line":324,"column":66}},"99":{"start":{"line":325,"column":8},"end":{"line":325,"column":53}},"100":{"start":{"line":326,"column":8},"end":{"line":326,"column":55}},"101":{"start":{"line":329,"column":8},"end":{"line":333,"column":9}},"102":{"start":{"line":330,"column":12},"end":{"line":330,"column":60}},"103":{"start":{"line":331,"column":12},"end":{"line":331,"column":62}},"104":{"start":{"line":332,"column":12},"end":{"line":332,"column":62}},"105":{"start":{"line":340,"column":8},"end":{"line":340,"column":40}},"106":{"start":{"line":340,"column":33},"end":{"line":340,"column":40}},"107":{"start":{"line":343,"column":8},"end":{"line":343,"column":72}},"108":{"start":{"line":344,"column":8},"end":{"line":344,"column":66}},"109":{"start":{"line":347,"column":8},"end":{"line":352,"column":16}},"110":{"start":{"line":348,"column":12},"end":{"line":350,"column":13}},"111":{"start":{"line":349,"column":16},"end":{"line":349,"column":78}},"112":{"start":{"line":351,"column":12},"end":{"line":351,"column":38}},"113":{"start":{"line":359,"column":8},"end":{"line":359,"column":39}},"114":{"start":{"line":360,"column":8},"end":{"line":360,"column":68}},"115":{"start":{"line":361,"column":8},"end":{"line":361,"column":63}},"116":{"start":{"line":362,"column":8},"end":{"line":362,"column":63}},"117":{"start":{"line":364,"column":8},"end":{"line":364,"column":36}},"118":{"start":{"line":371,"column":8},"end":{"line":371,"column":48}},"119":{"start":{"line":372,"column":8},"end":{"line":372,"column":57}},"120":{"start":{"line":373,"column":8},"end":{"line":373,"column":54}},"121":{"start":{"line":374,"column":8},"end":{"line":374,"column":53}},"122":{"start":{"line":375,"column":8},"end":{"line":375,"column":57}},"123":{"start":{"line":376,"column":8},"end":{"line":376,"column":52}},"124":{"start":{"line":383,"column":8},"end":{"line":383,"column":29}},"125":{"start":{"line":384,"column":8},"end":{"line":384,"column":41}},"126":{"start":{"line":391,"column":8},"end":{"line":393,"column":9}},"127":{"start":{"line":392,"column":12},"end":{"line":392,"column":66}},"128":{"start":{"line":395,"column":8},"end":{"line":395,"column":38}},"129":{"start":{"line":396,"column":8},"end":{"line":396,"column":37}},"130":{"start":{"line":398,"column":8},"end":{"line":398,"column":55}},"131":{"start":{"line":403,"column":16},"end":{"line":403,"column":36}},"132":{"start":{"line":409,"column":0},"end":{"line":409,"column":25}}},"fnMap":{"0":{"name":"(anonymous_0)","decl":{"start":{"line":16,"column":4},"end":{"line":16,"column":15}},"loc":{"start":{"line":16,"column":18},"end":{"line":25,"column":5}},"line":16},"1":{"name":"(anonymous_1)","decl":{"start":{"line":30,"column":4},"end":{"line":30,"column":8}},"loc":{"start":{"line":30,"column":11},"end":{"line":43,"column":5}},"line":30},"2":{"name":"(anonymous_2)","decl":{"start":{"line":48,"column":4},"end":{"line":48,"column":26}},"loc":{"start":{"line":48,"column":29},"end":{"line":57,"column":5}},"line":48},"3":{"name":"(anonymous_3)","decl":{"start":{"line":62,"column":4},"end":{"line":62,"column":22}},"loc":{"start":{"line":62,"column":25},"end":{"line":66,"column":5}},"line":62},"4":{"name":"(anonymous_4)","decl":{"start":{"line":64,"column":25},"end":{"line":64,"column":27}},"loc":{"start":{"line":64,"column":31},"end":{"line":64,"column":53}},"line":64},"5":{"name":"(anonymous_5)","decl":{"start":{"line":71,"column":4},"end":{"line":71,"column":14}},"loc":{"start":{"line":71,"column":17},"end":{"line":94,"column":5}},"line":71},"6":{"name":"(anonymous_6)","decl":{"start":{"line":72,"column":46},"end":{"line":72,"column":47}},"loc":{"start":{"line":72,"column":61},"end":{"line":88,"column":9}},"line":72},"7":{"name":"(anonymous_7)","decl":{"start":{"line":73,"column":30},"end":{"line":73,"column":31}},"loc":{"start":{"line":73,"column":44},"end":{"line":87,"column":13}},"line":73},"8":{"name":"(anonymous_8)","decl":{"start":{"line":74,"column":44},"end":{"line":74,"column":45}},"loc":{"start":{"line":74,"column":54},"end":{"line":86,"column":17}},"line":74},"9":{"name":"(anonymous_9)","decl":{"start":{"line":81,"column":76},"end":{"line":81,"column":78}},"loc":{"start":{"line":81,"column":82},"end":{"line":83,"column":29}},"line":81},"10":{"name":"(anonymous_10)","decl":{"start":{"line":99,"column":4},"end":{"line":99,"column":17}},"loc":{"start":{"line":99,"column":27},"end":{"line":115,"column":5}},"line":99},"11":{"name":"(anonymous_11)","decl":{"start":{"line":108,"column":47},"end":{"line":108,"column":48}},"loc":{"start":{"line":108,"column":54},"end":{"line":108,"column":87}},"line":108},"12":{"name":"(anonymous_12)","decl":{"start":{"line":109,"column":47},"end":{"line":109,"column":48}},"loc":{"start":{"line":109,"column":54},"end":{"line":109,"column":78}},"line":109},"13":{"name":"(anonymous_13)","decl":{"start":{"line":110,"column":42},"end":{"line":110,"column":43}},"loc":{"start":{"line":110,"column":49},"end":{"line":110,"column":77}},"line":110},"14":{"name":"(anonymous_14)","decl":{"start":{"line":111,"column":41},"end":{"line":111,"column":42}},"loc":{"start":{"line":111,"column":48},"end":{"line":111,"column":66}},"line":111},"15":{"name":"(anonymous_15)","decl":{"start":{"line":120,"column":4},"end":{"line":120,"column":14}},"loc":{"start":{"line":120,"column":17},"end":{"line":122,"column":5}},"line":120},"16":{"name":"(anonymous_16)","decl":{"start":{"line":127,"column":4},"end":{"line":127,"column":20}},"loc":{"start":{"line":127,"column":37},"end":{"line":133,"column":5}},"line":127},"17":{"name":"(anonymous_17)","decl":{"start":{"line":130,"column":37},"end":{"line":130,"column":38}},"loc":{"start":{"line":130,"column":43},"end":{"line":132,"column":9}},"line":130},"18":{"name":"(anonymous_18)","decl":{"start":{"line":138,"column":4},"end":{"line":138,"column":20}},"loc":{"start":{"line":138,"column":28},"end":{"line":144,"column":5}},"line":138},"19":{"name":"(anonymous_19)","decl":{"start":{"line":141,"column":36},"end":{"line":141,"column":37}},"loc":{"start":{"line":141,"column":42},"end":{"line":143,"column":9}},"line":141},"20":{"name":"(anonymous_20)","decl":{"start":{"line":149,"column":4},"end":{"line":149,"column":15}},"loc":{"start":{"line":149,"column":32},"end":{"line":151,"column":5}},"line":149},"21":{"name":"(anonymous_21)","decl":{"start":{"line":156,"column":4},"end":{"line":156,"column":14}},"loc":{"start":{"line":156,"column":22},"end":{"line":158,"column":5}},"line":156},"22":{"name":"(anonymous_22)","decl":{"start":{"line":163,"column":4},"end":{"line":163,"column":15}},"loc":{"start":{"line":163,"column":25},"end":{"line":187,"column":5}},"line":163},"23":{"name":"(anonymous_23)","decl":{"start":{"line":183,"column":19},"end":{"line":183,"column":20}},"loc":{"start":{"line":183,"column":25},"end":{"line":186,"column":9}},"line":183},"24":{"name":"(anonymous_24)","decl":{"start":{"line":192,"column":4},"end":{"line":192,"column":24}},"loc":{"start":{"line":192,"column":44},"end":{"line":205,"column":5}},"line":192},"25":{"name":"(anonymous_25)","decl":{"start":{"line":210,"column":4},"end":{"line":210,"column":19}},"loc":{"start":{"line":210,"column":27},"end":{"line":220,"column":5}},"line":210},"26":{"name":"(anonymous_26)","decl":{"start":{"line":225,"column":4},"end":{"line":225,"column":18}},"loc":{"start":{"line":225,"column":25},"end":{"line":232,"column":5}},"line":225},"27":{"name":"(anonymous_27)","decl":{"start":{"line":237,"column":4},"end":{"line":237,"column":19}},"loc":{"start":{"line":237,"column":27},"end":{"line":247,"column":5}},"line":237},"28":{"name":"(anonymous_28)","decl":{"start":{"line":252,"column":4},"end":{"line":252,"column":19}},"loc":{"start":{"line":252,"column":57},"end":{"line":334,"column":5}},"line":252},"29":{"name":"(anonymous_29)","decl":{"start":{"line":339,"column":4},"end":{"line":339,"column":15}},"loc":{"start":{"line":339,"column":18},"end":{"line":353,"column":5}},"line":339},"30":{"name":"(anonymous_30)","decl":{"start":{"line":347,"column":19},"end":{"line":347,"column":20}},"loc":{"start":{"line":347,"column":25},"end":{"line":352,"column":9}},"line":347},"31":{"name":"(anonymous_31)","decl":{"start":{"line":358,"column":4},"end":{"line":358,"column":7}},"loc":{"start":{"line":358,"column":37},"end":{"line":365,"column":5}},"line":358},"32":{"name":"(anonymous_32)","decl":{"start":{"line":370,"column":4},"end":{"line":370,"column":10}},"loc":{"start":{"line":370,"column":20},"end":{"line":377,"column":5}},"line":370},"33":{"name":"(anonymous_33)","decl":{"start":{"line":382,"column":4},"end":{"line":382,"column":10}},"loc":{"start":{"line":382,"column":40},"end":{"line":385,"column":5}},"line":382},"34":{"name":"(anonymous_34)","decl":{"start":{"line":390,"column":4},"end":{"line":390,"column":11}},"loc":{"start":{"line":390,"column":14},"end":{"line":399,"column":5}},"line":390}},"branchMap":{"0":{"loc":{"start":{"line":50,"column":8},"end":{"line":55,"column":9}},"type":"if","locations":[{"start":{"line":50,"column":8},"end":{"line":55,"column":9}},{"start":{},"end":{}}],"line":50},"1":{"loc":{"start":{"line":75,"column":20},"end":{"line":85,"column":21}},"type":"if","locations":[{"start":{"line":75,"column":20},"end":{"line":85,"column":21}},{"start":{},"end":{}}],"line":75},"2":{"loc":{"start":{"line":76,"column":24},"end":{"line":78,"column":25}},"type":"if","locations":[{"start":{"line":76,"column":24},"end":{"line":78,"column":25}},{"start":{},"end":{}}],"line":76},"3":{"loc":{"start":{"line":76,"column":28},"end":{"line":76,"column":82}},"type":"binary-expr","locations":[{"start":{"line":76,"column":28},"end":{"line":76,"column":45}},{"start":{"line":76,"column":49},"end":{"line":76,"column":82}}],"line":76},"4":{"loc":{"start":{"line":80,"column":24},"end":{"line":84,"column":25}},"type":"if","locations":[{"start":{"line":80,"column":24},"end":{"line":84,"column":25}},{"start":{},"end":{}}],"line":80},"5":{"loc":{"start":{"line":101,"column":8},"end":{"line":101,"column":52}},"type":"if","locations":[{"start":{"line":101,"column":8},"end":{"line":101,"column":52}},{"start":{},"end":{}}],"line":101},"6":{"loc":{"start":{"line":105,"column":8},"end":{"line":105,"column":39}},"type":"if","locations":[{"start":{"line":105,"column":8},"end":{"line":105,"column":39}},{"start":{},"end":{}}],"line":105},"7":{"loc":{"start":{"line":165,"column":25},"end":{"line":165,"column":65}},"type":"binary-expr","locations":[{"start":{"line":165,"column":25},"end":{"line":165,"column":56}},{"start":{"line":165,"column":60},"end":{"line":165,"column":65}}],"line":165},"8":{"loc":{"start":{"line":166,"column":22},"end":{"line":166,"column":60}},"type":"binary-expr","locations":[{"start":{"line":166,"column":22},"end":{"line":166,"column":50}},{"start":{"line":166,"column":54},"end":{"line":166,"column":60}}],"line":166},"9":{"loc":{"start":{"line":167,"column":21},"end":{"line":167,"column":60}},"type":"binary-expr","locations":[{"start":{"line":167,"column":21},"end":{"line":167,"column":48}},{"start":{"line":167,"column":52},"end":{"line":167,"column":60}}],"line":167},"10":{"loc":{"start":{"line":169,"column":8},"end":{"line":169,"column":26}},"type":"if","locations":[{"start":{"line":169,"column":8},"end":{"line":169,"column":26}},{"start":{},"end":{}}],"line":169},"11":{"loc":{"start":{"line":219,"column":15},"end":{"line":219,"column":43}},"type":"binary-expr","locations":[{"start":{"line":219,"column":15},"end":{"line":219,"column":28}},{"start":{"line":219,"column":32},"end":{"line":219,"column":43}}],"line":219},"12":{"loc":{"start":{"line":231,"column":15},"end":{"line":231,"column":42}},"type":"binary-expr","locations":[{"start":{"line":231,"column":15},"end":{"line":231,"column":26}},{"start":{"line":231,"column":30},"end":{"line":231,"column":42}}],"line":231},"13":{"loc":{"start":{"line":246,"column":15},"end":{"line":246,"column":43}},"type":"binary-expr","locations":[{"start":{"line":246,"column":15},"end":{"line":246,"column":28}},{"start":{"line":246,"column":32},"end":{"line":246,"column":43}}],"line":246},"14":{"loc":{"start":{"line":297,"column":8},"end":{"line":321,"column":9}},"type":"if","locations":[{"start":{"line":297,"column":8},"end":{"line":321,"column":9}},{"start":{},"end":{}}],"line":297},"15":{"loc":{"start":{"line":299,"column":16},"end":{"line":302,"column":73}},"type":"binary-expr","locations":[{"start":{"line":299,"column":16},"end":{"line":299,"column":36}},{"start":{"line":300,"column":16},"end":{"line":300,"column":74}},{"start":{"line":301,"column":16},"end":{"line":301,"column":37}},{"start":{"line":302,"column":16},"end":{"line":302,"column":73}}],"line":299},"16":{"loc":{"start":{"line":305,"column":12},"end":{"line":320,"column":13}},"type":"if","locations":[{"start":{"line":305,"column":12},"end":{"line":320,"column":13}},{"start":{},"end":{}}],"line":305},"17":{"loc":{"start":{"line":310,"column":24},"end":{"line":313,"column":75}},"type":"binary-expr","locations":[{"start":{"line":310,"column":24},"end":{"line":310,"column":38}},{"start":{"line":311,"column":24},"end":{"line":311,"column":76}},{"start":{"line":312,"column":24},"end":{"line":312,"column":39}},{"start":{"line":313,"column":24},"end":{"line":313,"column":75}}],"line":310},"18":{"loc":{"start":{"line":315,"column":20},"end":{"line":318,"column":21}},"type":"if","locations":[{"start":{"line":315,"column":20},"end":{"line":318,"column":21}},{"start":{},"end":{}}],"line":315},"19":{"loc":{"start":{"line":324,"column":30},"end":{"line":324,"column":66}},"type":"binary-expr","locations":[{"start":{"line":324,"column":30},"end":{"line":324,"column":49}},{"start":{"line":324,"column":53},"end":{"line":324,"column":66}}],"line":324},"20":{"loc":{"start":{"line":329,"column":8},"end":{"line":333,"column":9}},"type":"if","locations":[{"start":{"line":329,"column":8},"end":{"line":333,"column":9}},{"start":{},"end":{}}],"line":329},"21":{"loc":{"start":{"line":340,"column":8},"end":{"line":340,"column":40}},"type":"if","locations":[{"start":{"line":340,"column":8},"end":{"line":340,"column":40}},{"start":{},"end":{}}],"line":340},"22":{"loc":{"start":{"line":348,"column":12},"end":{"line":350,"column":13}},"type":"if","locations":[{"start":{"line":348,"column":12},"end":{"line":350,"column":13}},{"start":{},"end":{}}],"line":348},"23":{"loc":{"start":{"line":348,"column":16},"end":{"line":348,"column":67}},"type":"binary-expr","locations":[{"start":{"line":348,"column":16},"end":{"line":348,"column":34}},{"start":{"line":348,"column":38},"end":{"line":348,"column":67}}],"line":348},"24":{"loc":{"start":{"line":358,"column":23},"end":{"line":358,"column":35}},"type":"default-arg","locations":[{"start":{"line":358,"column":33},"end":{"line":358,"column":35}}],"line":358},"25":{"loc":{"start":{"line":360,"column":42},"end":{"line":360,"column":67}},"type":"binary-expr","locations":[{"start":{"line":360,"column":42},"end":{"line":360,"column":58}},{"start":{"line":360,"column":62},"end":{"line":360,"column":67}}],"line":360},"26":{"loc":{"start":{"line":361,"column":39},"end":{"line":361,"column":62}},"type":"binary-expr","locations":[{"start":{"line":361,"column":39},"end":{"line":361,"column":52}},{"start":{"line":361,"column":56},"end":{"line":361,"column":62}}],"line":361},"27":{"loc":{"start":{"line":362,"column":38},"end":{"line":362,"column":62}},"type":"binary-expr","locations":[{"start":{"line":362,"column":38},"end":{"line":362,"column":50}},{"start":{"line":362,"column":54},"end":{"line":362,"column":62}}],"line":362},"28":{"loc":{"start":{"line":382,"column":26},"end":{"line":382,"column":38}},"type":"default-arg","locations":[{"start":{"line":382,"column":36},"end":{"line":382,"column":38}}],"line":382},"29":{"loc":{"start":{"line":391,"column":8},"end":{"line":393,"column":9}},"type":"if","locations":[{"start":{"line":391,"column":8},"end":{"line":393,"column":9}},{"start":{},"end":{}}],"line":391},"30":{"loc":{"start":{"line":391,"column":12},"end":{"line":391,"column":55}},"type":"binary-expr","locations":[{"start":{"line":391,"column":12},"end":{"line":391,"column":26}},{"start":{"line":391,"column":30},"end":{"line":391,"column":55}}],"line":391}},"s":{"0":1,"1":1,"2":1,"3":1,"4":1,"5":1,"6":1,"7":1,"8":1,"9":43,"10":42,"11":42,"12":1,"13":43,"14":43,"15":43,"16":0,"17":43,"18":1,"19":1,"20":1,"21":0,"22":1,"23":1135,"24":2231,"25":2231,"26":2231,"27":0,"28":80,"29":135,"30":135,"31":0,"32":7,"33":0,"34":5,"35":0,"36":75,"37":75,"38":0,"39":0,"40":0,"41":0,"42":3,"43":0,"44":0,"45":0,"46":2,"47":0,"48":2,"49":0,"50":1,"51":1,"52":0,"53":0,"54":0,"55":1,"56":7,"57":7,"58":7,"59":7,"60":7,"61":7,"62":7,"63":7,"64":7,"65":0,"66":24,"67":24,"68":24,"69":24,"70":0,"71":0,"72":24,"73":24,"74":0,"75":24,"76":0,"77":0,"78":0,"79":0,"80":13,"81":13,"82":13,"83":13,"84":13,"85":13,"86":2,"87":13,"88":13,"89":11,"90":11,"91":11,"92":22,"93":11,"94":11,"95":13,"96":13,"97":13,"98":13,"99":0,"100":11,"101":3,"102":3,"103":3,"104":3,"105":0,"106":0,"107":0,"108":0,"109":4,"110":4,"111":4,"112":4,"113":0,"114":0,"115":0,"116":0,"117":0,"118":0,"119":2,"120":2,"121":0,"122":44,"123":42,"124":0,"125":0,"126":0,"127":0,"128":0,"129":0,"130":0,"131":1,"132":1},"f":{"0":1,"1":1,"2":43,"3":1,"4":0,"5":1135,"6":2231,"7":2231,"8":2231,"9":0,"10":0,"11":0,"12":0,"13":0,"14":0,"15":0,"16":0,"17":0,"18":1,"19":0,"20":0,"21":0,"22":7,"23":24,"24":0,"25":0,"26":0,"27":0,"28":13,"29":0,"30":4,"31":0,"32":0,"33":0,"34":0},"b":{"0":[43,0],"1":[0,2231],"2":[80,-80],"3":[0,0],"4":[135,0],"5":[5,-5],"6":[75,0],"7":[7,7],"8":[7,7],"9":[7,7],"10":[7,0],"11":[0,0],"12":[0,0],"13":[0,0],"14":[11,2],"15":[11,11,22,22],"16":[11,0],"17":[22,13,13,13],"18":[13,0],"19":[13,13],"20":[3,0],"21":[0,0],"22":[4,0],"23":[4,4],"24":[0],"25":[0,0],"26":[0,0],"27":[0,0],"28":[0],"29":[0,0],"30":[0,0]},"meta":{"lastBranch":31,"lastFunction":35,"lastStatement":133,"seen":{"f:16:4:16:15":0,"s:17:8:17:34":0,"s:18:8:18:30":1,"s:19:8:19:29":2,"s:20:8:20:31":3,"s:21:8:21:30":4,"s:22:8:22:56":5,"s:24:8:24:20":6,"f:30:4:30:8":1,"s:31:8:31:64":7,"s:34:8:34:38":8,"s:37:8:37:34":9,"s:40:8:40:26":10,"s:42:8:42:56":11,"f:48:4:48:26":2,"s:49:24:49:68":12,"b:50:8:55:9:undefined:undefined:undefined:undefined":0,"s:50:8:55:9":13,"s:51:12:51:54":14,"s:52:12:52:47":15,"s:53:12:53:71":16,"s:54:12:54:49":17,"s:56:8:56:35":18,"f:62:4:62:22":3,"s:63:25:63:68":19,"s:64:8:64:55":20,"f:64:25:64:27":4,"s:64:31:64:53":21,"s:65:8:65:66":22,"f:71:4:71:14":5,"s:72:25:88:10":23,"f:72:46:72:47":6,"s:73:12:87:15":24,"f:73:30:73:31":7,"s:74:16:86:19":25,"f:74:44:74:45":8,"b:75:20:85:21:undefined:undefined:undefined:undefined":1,"s:75:20:85:21":26,"b:76:24:78:25:undefined:undefined:undefined:undefined":2,"s:76:24:78:25":27,"b:76:28:76:45:76:49:76:82":3,"s:77:28:77:53":28,"b:80:24:84:25:undefined:undefined:undefined:undefined":4,"s:80:24:84:25":29,"s:81:28:83:31":30,"f:81:76:81:78":9,"s:82:32:82:55":31,"s:90:8:93:11":32,"f:99:4:99:17":10,"b:101:8:101:52:undefined:undefined:undefined:undefined":5,"s:101:8:101:52":33,"s:101:45:101:52":34,"s:102:8:102:49":35,"b:105:8:105:39:undefined:undefined:undefined:undefined":6,"s:105:8:105:39":36,"s:105:32:105:39":37,"s:108:8:108:89":38,"f:108:47:108:48":11,"s:108:54:108:87":39,"s:109:8:109:80":40,"f:109:47:109:48":12,"s:109:54:109:78":41,"s:110:8:110:79":42,"f:110:42:110:43":13,"s:110:49:110:77":43,"s:111:8:111:68":44,"f:111:41:111:42":14,"s:111:48:111:66":45,"s:114:8:114:81":46,"f:120:4:120:14":15,"s:121:8:121:59":47,"f:127:4:127:20":16,"s:128:8:128:37":48,"s:130:8:132:28":49,"f:130:37:130:38":17,"s:131:12:131:38":50,"f:138:4:138:20":18,"s:139:8:139:38":51,"s:141:8:143:27":52,"f:141:36:141:37":19,"s:142:12:142:31":53,"f:149:4:149:15":20,"s:150:8:150:34":54,"f:156:4:156:14":21,"s:157:8:157:27":55,"f:163:4:163:15":22,"s:164:21:164:44":56,"s:165:25:165:65":57,"b:165:25:165:56:165:60:165:65":7,"s:166:22:166:60":58,"b:166:22:166:50:166:54:166:60":8,"s:167:21:167:60":59,"b:167:21:167:48:167:52:167:60":9,"b:169:8:169:26:undefined:undefined:undefined:undefined":10,"s:169:8:169:26":60,"s:169:19:169:26":61,"s:172:8:172:27":62,"s:175:24:175:68":63,"s:176:8:176:44":64,"s:177:8:177:37":65,"s:180:8:180:57":66,"s:183:8:186:15":67,"f:183:19:183:20":23,"s:184:12:184:62":68,"s:185:12:185:62":69,"f:192:4:192:24":24,"s:193:24:193:53":70,"s:194:8:194:173":71,"s:197:8:202:10":72,"s:204:8:204:23":73,"f:210:4:210:19":25,"s:211:23:218:9":74,"s:219:8:219:44":75,"b:219:15:219:28:219:32:219:43":11,"f:225:4:225:18":26,"s:226:22:230:9":76,"s:231:8:231:43":77,"b:231:15:231:26:231:30:231:42":12,"f:237:4:237:19":27,"s:238:23:245:9":78,"s:246:8:246:44":79,"b:246:15:246:28:246:32:246:43":13,"f:252:4:252:19":28,"s:253:21:253:52":80,"s:254:28:254:59":81,"s:255:22:255:61":82,"s:257:24:257:25":83,"s:258:26:258:27":84,"s:261:26:290:9":85,"s:293:23:293:40":86,"s:296:29:296:57":87,"b:297:8:321:9:undefined:undefined:undefined:undefined":14,"s:297:8:321:9":88,"s:299:16:302:73":89,"b:299:16:299:36:300:16:300:74:301:16:301:37:302:16:302:73":15,"b:305:12:320:13:undefined:undefined:undefined:undefined":16,"s:305:12:320:13":90,"s:306:37:306:71":91,"s:307:16:319:17":92,"s:308:35:308:49":93,"s:310:24:313:75":94,"b:310:24:310:38:311:24:311:76:312:24:312:39:313:24:313:75":17,"b:315:20:318:21:undefined:undefined:undefined:undefined":18,"s:315:20:318:21":95,"s:316:24:316:39":96,"s:317:24:317:30":97,"s:324:30:324:66":98,"b:324:30:324:49:324:53:324:66":19,"s:325:8:325:53":99,"s:326:8:326:55":100,"b:329:8:333:9:undefined:undefined:undefined:undefined":20,"s:329:8:333:9":101,"s:330:12:330:60":102,"s:331:12:331:62":103,"s:332:12:332:62":104,"f:339:4:339:15":29,"b:340:8:340:40:undefined:undefined:undefined:undefined":21,"s:340:8:340:40":105,"s:340:33:340:40":106,"s:343:8:343:72":107,"s:344:8:344:66":108,"s:347:8:352:16":109,"f:347:19:347:20":30,"b:348:12:350:13:undefined:undefined:undefined:undefined":22,"s:348:12:350:13":110,"b:348:16:348:34:348:38:348:67":23,"s:349:16:349:78":111,"s:351:12:351:38":112,"f:358:4:358:7":31,"b:358:33:358:35":24,"s:359:8:359:39":113,"s:360:8:360:68":114,"b:360:42:360:58:360:62:360:67":25,"s:361:8:361:63":115,"b:361:39:361:52:361:56:361:62":26,"s:362:8:362:63":116,"b:362:38:362:50:362:54:362:62":27,"s:364:8:364:36":117,"f:370:4:370:10":32,"s:371:8:371:48":118,"s:372:8:372:57":119,"s:373:8:373:54":120,"s:374:8:374:53":121,"s:375:8:375:57":122,"s:376:8:376:52":123,"f:382:4:382:10":33,"b:382:36:382:38":28,"s:383:8:383:29":124,"s:384:8:384:41":125,"f:390:4:390:11":34,"b:391:8:393:9:undefined:undefined:undefined:undefined":29,"s:391:8:393:9":126,"b:391:12:391:26:391:30:391:55":30,"s:392:12:392:66":127,"s:395:8:395:38":128,"s:396:8:396:37":129,"s:398:8:398:55":130,"s:403:16:403:36":131,"s:409:0:409:25":132}}}
}
