TN:
SF:js\empty-states.js
FN:186,createEmptyState
FN:225,showEmptyState
FN:240,(anonymous_2)
FN:254,createErrorState
FN:279,(anonymous_4)
FN:296,showErrorState
FN:310,upgradeExistingEmptyStates
FN:314,(anonymous_7)
FN:328,(anonymous_8)
FNF:9
FNH:6
FNDA:16,createEmptyState
FNDA:4,showEmptyState
FNDA:3,(anonymous_2)
FNDA:7,createErrorState
FNDA:3,(anonymous_4)
FNDA:3,showErrorState
FNDA:0,upgradeExistingEmptyStates
FNDA:0,(anonymous_7)
FNDA:0,(anonymous_8)
DA:17,1
DA:107,1
DA:187,16
DA:188,16
DA:189,1
DA:190,1
DA:193,15
DA:194,16
DA:195,16
DA:196,16
DA:198,16
DA:226,4
DA:227,4
DA:228,1
DA:229,1
DA:232,3
DA:235,3
DA:236,3
DA:237,3
DA:238,3
DA:240,3
DA:241,3
DA:242,3
DA:243,3
DA:255,7
DA:257,7
DA:278,7
DA:279,4
DA:280,3
DA:281,3
DA:282,0
DA:287,7
DA:297,3
DA:298,3
DA:299,1
DA:300,1
DA:303,2
DA:312,0
DA:314,0
DA:315,0
DA:316,0
DA:317,0
DA:319,0
DA:327,1
DA:328,1
DA:329,0
DA:334,1
DA:335,1
LF:48
LH:40
BRDA:186,0,0,16
BRDA:188,1,0,1
BRDA:188,1,1,15
BRDA:193,2,0,15
BRDA:193,2,1,13
BRDA:194,3,0,16
BRDA:194,3,1,14
BRDA:195,4,0,16
BRDA:195,4,1,15
BRDA:196,5,0,3
BRDA:196,5,1,12
BRDA:207,6,0,11
BRDA:207,6,1,4
BRDA:210,7,0,2
BRDA:210,7,1,9
BRDA:225,8,0,4
BRDA:227,9,0,1
BRDA:227,9,1,3
BRDA:236,10,0,3
BRDA:236,10,1,0
BRDA:254,11,0,7
BRDA:266,12,0,4
BRDA:266,12,1,3
BRDA:278,13,0,4
BRDA:278,13,1,3
BRDA:281,14,0,0
BRDA:281,14,1,3
BRDA:296,15,0,3
BRDA:298,16,0,1
BRDA:298,16,1,2
BRDA:316,17,0,0
BRDA:316,17,1,0
BRDA:327,18,0,1
BRDA:327,18,1,0
BRDA:334,19,0,1
BRDA:334,19,1,0
BRF:36
BRH:30
end_of_record
TN:
SF:js\skeleton.js
FN:9,createCardSkeleton
FN:34,createListSkeleton
FN:61,createTableSkeleton
FN:102,createChartSkeleton
FN:124,createGridSkeleton
FN:153,createFormSkeleton
FN:180,createQuestionSkeleton
FN:218,createUserSkeleton
FN:249,createResultSkeleton
FN:286,createResourceSkeleton
FN:319,createStatsSkeleton
FN:343,showSkeleton
FN:355,hideSkeleton
FN:362,(anonymous_13)
FN:373,createFullPageSkeleton
FNF:15
FNH:14
FNDA:3,createCardSkeleton
FNDA:3,createListSkeleton
FNDA:4,createTableSkeleton
FNDA:4,createChartSkeleton
FNDA:2,createGridSkeleton
FNDA:2,createFormSkeleton
FNDA:2,createQuestionSkeleton
FNDA:1,createUserSkeleton
FNDA:1,createResultSkeleton
FNDA:1,createResourceSkeleton
FNDA:2,createStatsSkeleton
FNDA:2,showSkeleton
FNDA:2,hideSkeleton
FNDA:0,(anonymous_13)
FNDA:1,createFullPageSkeleton
DA:10,3
DA:12,3
DA:13,7
DA:26,3
DA:35,3
DA:37,3
DA:38,11
DA:52,3
DA:62,4
DA:63,4
DA:64,15
DA:71,4
DA:72,4
DA:73,16
DA:74,16
DA:75,59
DA:81,16
DA:84,4
DA:103,4
DA:125,2
DA:129,2
DA:130,2
DA:131,12
DA:141,2
DA:154,2
DA:156,2
DA:157,8
DA:165,2
DA:181,2
DA:183,2
DA:184,4
DA:210,2
DA:219,1
DA:221,1
DA:222,10
DA:241,1
DA:250,1
DA:252,1
DA:253,5
DA:278,1
DA:287,1
DA:289,1
DA:290,6
DA:311,1
DA:320,2
DA:322,2
DA:323,8
DA:335,2
DA:344,2
DA:345,2
DA:346,1
DA:356,2
DA:357,2
DA:359,1
DA:360,1
DA:362,1
DA:363,0
DA:364,0
DA:374,1
LF:59
LH:57
BRDA:9,0,0,3
BRDA:34,1,0,3
BRDA:61,2,0,4
BRDA:61,3,0,4
BRDA:124,4,0,2
BRDA:124,5,0,2
BRDA:125,6,0,0
BRDA:125,6,1,2
BRDA:126,7,0,2
BRDA:126,7,1,0
BRDA:153,8,0,2
BRDA:180,9,0,2
BRDA:218,10,0,1
BRDA:249,11,0,1
BRDA:286,12,0,1
BRDA:319,13,0,2
BRDA:345,14,0,1
BRDA:345,14,1,1
BRDA:357,15,0,1
BRDA:357,15,1,1
BRF:20
BRH:18
end_of_record
TN:
SF:js\toast.js
FN:10,showToast
FN:17,(anonymous_1)
FN:21,(anonymous_2)
FN:32,getOrCreateToastContainer
FN:48,createToastElement
FN:72,(anonymous_5)
FN:80,getToastConfig
FN:122,closeToast
FN:126,(anonymous_8)
FN:141,(anonymous_9)
FN:142,(anonymous_10)
FN:143,(anonymous_11)
FN:144,(anonymous_12)
FN:150,showToastWithAction
FN:180,(anonymous_14)
FN:183,(anonymous_15)
FN:184,(anonymous_16)
FN:195,showLoadingToast
FN:216,(anonymous_18)
FN:224,updateLoadingToast
FN:246,(anonymous_20)
FN:249,(anonymous_21)
FN:255,showSuccessToast
FN:259,showErrorToast
FN:263,showWarningToast
FN:267,showInfoToast
FNF:26
FNH:24
FNDA:40,showToast
FNDA:38,(anonymous_1)
FNDA:4,(anonymous_2)
FNDA:51,getOrCreateToastContainer
FNDA:40,createToastElement
FNDA:1,(anonymous_5)
FNDA:47,getToastConfig
FNDA:11,closeToast
FNDA:11,(anonymous_8)
FNDA:1,(anonymous_9)
FNDA:1,(anonymous_10)
FNDA:1,(anonymous_11)
FNDA:1,(anonymous_12)
FNDA:3,showToastWithAction
FNDA:3,(anonymous_14)
FNDA:0,(anonymous_15)
FNDA:2,(anonymous_16)
FNDA:8,showLoadingToast
FNDA:8,(anonymous_18)
FNDA:6,updateLoadingToast
FNDA:0,(anonymous_20)
FNDA:4,(anonymous_21)
FNDA:1,showSuccessToast
FNDA:1,showErrorToast
FNDA:1,showWarningToast
FNDA:1,showInfoToast
DA:11,40
DA:13,40
DA:14,40
DA:17,40
DA:20,40
DA:21,4
DA:22,4
DA:26,40
DA:33,51
DA:35,51
DA:36,45
DA:37,45
DA:38,45
DA:39,45
DA:42,51
DA:49,40
DA:50,40
DA:52,40
DA:54,40
DA:71,40
DA:72,40
DA:74,40
DA:81,47
DA:116,47
DA:123,11
DA:124,11
DA:126,11
DA:127,11
DA:130,11
DA:131,11
DA:132,5
DA:140,1
DA:141,1
DA:142,1
DA:143,1
DA:144,1
DA:151,3
DA:153,3
DA:154,3
DA:156,3
DA:158,3
DA:177,3
DA:180,3
DA:183,3
DA:184,3
DA:185,2
DA:186,2
DA:189,3
DA:196,8
DA:198,8
DA:199,8
DA:200,8
DA:202,8
DA:213,8
DA:216,8
DA:218,8
DA:225,6
DA:227,4
DA:229,4
DA:245,4
DA:246,4
DA:249,4
DA:256,1
DA:260,1
DA:264,1
DA:268,1
DA:272,1
DA:294,1
DA:295,1
DA:296,1
DA:314,1
LF:71
LH:71
BRDA:10,0,0,40
BRDA:10,1,0,40
BRDA:20,2,0,4
BRDA:20,2,1,36
BRDA:35,3,0,45
BRDA:35,3,1,6
BRDA:116,4,0,47
BRDA:116,4,1,0
BRDA:131,5,0,5
BRDA:131,5,1,6
BRDA:131,6,0,11
BRDA:131,6,1,11
BRDA:224,7,0,6
BRDA:225,8,0,2
BRDA:225,8,1,4
BRDA:225,9,0,6
BRDA:225,9,1,5
BRDA:255,10,0,1
BRDA:259,11,0,1
BRDA:263,12,0,1
BRDA:267,13,0,1
BRDA:294,14,0,1
BRDA:294,14,1,0
BRF:23
BRH:21
end_of_record
TN:
SF:js\tooltip.js
FN:16,(anonymous_0)
FN:30,(anonymous_1)
FN:48,(anonymous_2)
FN:62,(anonymous_3)
FN:64,(anonymous_4)
FN:71,(anonymous_5)
FN:72,(anonymous_6)
FN:73,(anonymous_7)
FN:74,(anonymous_8)
FN:81,(anonymous_9)
FN:99,(anonymous_10)
FN:108,(anonymous_11)
FN:109,(anonymous_12)
FN:110,(anonymous_13)
FN:111,(anonymous_14)
FN:120,(anonymous_15)
FN:127,(anonymous_16)
FN:130,(anonymous_17)
FN:138,(anonymous_18)
FN:141,(anonymous_19)
FN:149,(anonymous_20)
FN:156,(anonymous_21)
FN:163,(anonymous_22)
FN:183,(anonymous_23)
FN:192,(anonymous_24)
FN:210,(anonymous_25)
FN:225,(anonymous_26)
FN:237,(anonymous_27)
FN:252,(anonymous_28)
FN:339,(anonymous_29)
FN:347,(anonymous_30)
FN:358,(anonymous_31)
FN:370,(anonymous_32)
FN:382,(anonymous_33)
FN:390,(anonymous_34)
FNF:35
FNH:13
FNDA:1,(anonymous_0)
FNDA:1,(anonymous_1)
FNDA:43,(anonymous_2)
FNDA:1,(anonymous_3)
FNDA:0,(anonymous_4)
FNDA:1135,(anonymous_5)
FNDA:2231,(anonymous_6)
FNDA:2231,(anonymous_7)
FNDA:2231,(anonymous_8)
FNDA:0,(anonymous_9)
FNDA:0,(anonymous_10)
FNDA:0,(anonymous_11)
FNDA:0,(anonymous_12)
FNDA:0,(anonymous_13)
FNDA:0,(anonymous_14)
FNDA:0,(anonymous_15)
FNDA:0,(anonymous_16)
FNDA:0,(anonymous_17)
FNDA:1,(anonymous_18)
FNDA:0,(anonymous_19)
FNDA:0,(anonymous_20)
FNDA:0,(anonymous_21)
FNDA:7,(anonymous_22)
FNDA:24,(anonymous_23)
FNDA:0,(anonymous_24)
FNDA:0,(anonymous_25)
FNDA:0,(anonymous_26)
FNDA:0,(anonymous_27)
FNDA:13,(anonymous_28)
FNDA:0,(anonymous_29)
FNDA:4,(anonymous_30)
FNDA:0,(anonymous_31)
FNDA:0,(anonymous_32)
FNDA:0,(anonymous_33)
FNDA:0,(anonymous_34)
DA:17,1
DA:18,1
DA:19,1
DA:20,1
DA:21,1
DA:22,1
DA:24,1
DA:31,1
DA:34,1
DA:37,43
DA:40,42
DA:42,42
DA:49,1
DA:50,43
DA:51,43
DA:52,43
DA:53,0
DA:54,43
DA:56,1
DA:63,1
DA:64,1
DA:65,1
DA:72,1135
DA:73,2231
DA:74,2231
DA:75,2231
DA:76,0
DA:77,80
DA:80,135
DA:81,135
DA:82,0
DA:90,7
DA:101,5
DA:102,0
DA:105,75
DA:108,0
DA:109,0
DA:110,3
DA:111,0
DA:114,2
DA:121,0
DA:128,2
DA:130,0
DA:131,1
DA:139,1
DA:141,0
DA:142,0
DA:150,0
DA:157,1
DA:164,7
DA:165,7
DA:166,7
DA:167,7
DA:169,7
DA:172,7
DA:175,7
DA:176,7
DA:177,0
DA:180,24
DA:183,24
DA:184,24
DA:185,24
DA:193,0
DA:194,0
DA:197,24
DA:204,24
DA:211,0
DA:219,24
DA:226,0
DA:231,0
DA:238,0
DA:246,0
DA:253,13
DA:254,13
DA:255,13
DA:257,13
DA:258,13
DA:261,13
DA:293,2
DA:296,13
DA:297,13
DA:299,11
DA:305,11
DA:306,11
DA:307,22
DA:308,11
DA:310,11
DA:315,13
DA:316,13
DA:317,13
DA:324,13
DA:325,0
DA:326,11
DA:329,3
DA:330,3
DA:331,3
DA:332,3
DA:340,0
DA:343,0
DA:344,0
DA:347,4
DA:348,4
DA:349,4
DA:351,4
DA:359,0
DA:360,0
DA:361,0
DA:362,0
DA:364,0
DA:371,0
DA:372,2
DA:373,2
DA:374,0
DA:375,44
DA:376,42
DA:383,0
DA:384,0
DA:391,0
DA:392,0
DA:395,0
DA:396,0
DA:398,0
DA:403,1
DA:409,1
LF:124
LH:86
BRDA:50,0,0,43
BRDA:50,0,1,0
BRDA:75,1,0,0
BRDA:75,1,1,2231
BRDA:76,2,0,80
BRDA:76,2,1,-80
BRDA:76,3,0,0
BRDA:76,3,1,0
BRDA:80,4,0,135
BRDA:80,4,1,0
BRDA:101,5,0,5
BRDA:101,5,1,-5
BRDA:105,6,0,75
BRDA:105,6,1,0
BRDA:165,7,0,7
BRDA:165,7,1,7
BRDA:166,8,0,7
BRDA:166,8,1,7
BRDA:167,9,0,7
BRDA:167,9,1,7
BRDA:169,10,0,7
BRDA:169,10,1,0
BRDA:219,11,0,0
BRDA:219,11,1,0
BRDA:231,12,0,0
BRDA:231,12,1,0
BRDA:246,13,0,0
BRDA:246,13,1,0
BRDA:297,14,0,11
BRDA:297,14,1,2
BRDA:299,15,0,11
BRDA:299,15,1,11
BRDA:299,15,2,22
BRDA:299,15,3,22
BRDA:305,16,0,11
BRDA:305,16,1,0
BRDA:310,17,0,22
BRDA:310,17,1,13
BRDA:310,17,2,13
BRDA:310,17,3,13
BRDA:315,18,0,13
BRDA:315,18,1,0
BRDA:324,19,0,13
BRDA:324,19,1,13
BRDA:329,20,0,3
BRDA:329,20,1,0
BRDA:340,21,0,0
BRDA:340,21,1,0
BRDA:348,22,0,4
BRDA:348,22,1,0
BRDA:348,23,0,4
BRDA:348,23,1,4
BRDA:358,24,0,0
BRDA:360,25,0,0
BRDA:360,25,1,0
BRDA:361,26,0,0
BRDA:361,26,1,0
BRDA:362,27,0,0
BRDA:362,27,1,0
BRDA:382,28,0,0
BRDA:391,29,0,0
BRDA:391,29,1,0
BRDA:391,30,0,0
BRDA:391,30,1,0
BRF:64
BRH:31
end_of_record
